[ 2023-01-11 13:44:39,030 ] 15 root - INFO - >>>>>>>>>>>>>>>>>>>>>>>>>>>>>>>>>>>>>>>> Data Ingestion <<<<<<<<<<<<<<<<<<<<<<<<<<<<<<<<<<<<<<<<
[ 2023-01-11 13:44:39,030 ] 22 root - INFO - Exporting collection data as pandas dataframe
[ 2023-01-11 13:44:39,030 ] 11 root - INFO - Reading Data from Database:aps and collection:sensor
[ 2023-01-11 13:44:42,423 ] 13 root - INFO - Found columns: Index(['_id', 'class', 'aa_000', 'ab_000', 'ac_000', 'ad_000', 'ae_000',
       'af_000', 'ag_000', 'ag_001',
       ...
       'ee_002', 'ee_003', 'ee_004', 'ee_005', 'ee_006', 'ee_007', 'ee_008',
       'ee_009', 'ef_000', 'eg_000'],
      dtype='object', length=172)
[ 2023-01-11 13:44:42,424 ] 15 root - INFO - Dropping column: _id 
[ 2023-01-11 13:44:42,616 ] 17 root - INFO - Row and columns in df: (36188, 171)
[ 2023-01-11 13:44:42,616 ] 27 root - INFO - replacing na values
[ 2023-01-11 13:44:43,170 ] 32 root - INFO - Save data in feature store
[ 2023-01-11 13:44:43,170 ] 34 root - INFO - Create feature store folder if not available
[ 2023-01-11 13:44:43,170 ] 39 root - INFO - Save df to feature store folder
[ 2023-01-11 13:44:45,524 ] 45 root - INFO - split dataset into train and test set
[ 2023-01-11 13:44:46,104 ] 49 root - INFO - create dataset directory folder if not available
[ 2023-01-11 13:44:46,104 ] 54 root - INFO - Save df to feature store folder
[ 2023-01-11 13:44:48,282 ] 69 root - INFO - Data ingestion artifact: DataIngestionArtifact(feature_store_file_path='/config/workspace/artifact/01112023__134439/data_ingestion/feature_store/sensor.csv', train_file_path='/config/workspace/artifact/01112023__134439/data_ingestion/dataset/train.csv', test_file_path='/config/workspace/artifact/01112023__134439/data_ingestion/dataset/test.csv')
[ 2023-01-11 13:44:48,725 ] 22 root - INFO - Exporting collection data as pandas dataframe
[ 2023-01-11 13:44:48,726 ] 11 root - INFO - Reading Data from Database:aps and collection:sensor
[ 2023-01-11 13:44:52,099 ] 13 root - INFO - Found columns: Index(['_id', 'class', 'aa_000', 'ab_000', 'ac_000', 'ad_000', 'ae_000',
       'af_000', 'ag_000', 'ag_001',
       ...
       'ee_002', 'ee_003', 'ee_004', 'ee_005', 'ee_006', 'ee_007', 'ee_008',
       'ee_009', 'ef_000', 'eg_000'],
      dtype='object', length=172)
[ 2023-01-11 13:44:52,099 ] 15 root - INFO - Dropping column: _id 
[ 2023-01-11 13:44:52,291 ] 17 root - INFO - Row and columns in df: (36188, 171)
[ 2023-01-11 13:44:52,291 ] 27 root - INFO - replacing na values
[ 2023-01-11 13:44:52,847 ] 32 root - INFO - Save data in feature store
[ 2023-01-11 13:44:52,847 ] 34 root - INFO - Create feature store folder if not available
[ 2023-01-11 13:44:52,847 ] 39 root - INFO - Save df to feature store folder
[ 2023-01-11 13:44:55,304 ] 45 root - INFO - split dataset into train and test set
[ 2023-01-11 13:44:55,876 ] 49 root - INFO - create dataset directory folder if not available
[ 2023-01-11 13:44:55,876 ] 54 root - INFO - Save df to feature store folder
[ 2023-01-11 13:44:58,090 ] 69 root - INFO - Data ingestion artifact: DataIngestionArtifact(feature_store_file_path='/config/workspace/artifact/01112023__134439/data_ingestion/feature_store/sensor.csv', train_file_path='/config/workspace/artifact/01112023__134439/data_ingestion/dataset/train.csv', test_file_path='/config/workspace/artifact/01112023__134439/data_ingestion/dataset/test.csv')
[ 2023-01-11 13:44:58,464 ] 156 root - INFO - >>>>>>>>>>>>>>>>>>>>>>>>>>>>>>>>>>>>>>>> Data Validation <<<<<<<<<<<<<<<<<<<<<<<<<<<<<<<<<<<<<<<<
[ 2023-01-11 13:44:58,464 ] 244 root - INFO - Reading base dataframe
[ 2023-01-11 13:45:01,317 ] 247 root - INFO - Replace na value in base df
[ 2023-01-11 13:45:01,318 ] 249 root - INFO - Drop null values colums from base df
[ 2023-01-11 13:45:02,266 ] 178 root - INFO - selecting column name which contains null above to 0.2
[ 2023-01-11 13:45:02,267 ] 181 root - INFO - Columns to drop: ['ab_000', 'ad_000', 'bk_000', 'bl_000', 'bm_000', 'bn_000', 'bo_000', 'bp_000', 'bq_000', 'br_000', 'cf_000', 'cg_000', 'ch_000', 'co_000', 'cr_000', 'ct_000', 'cu_000', 'cv_000', 'cx_000', 'cy_000', 'cz_000', 'da_000', 'db_000', 'dc_000']
[ 2023-01-11 13:45:02,379 ] 252 root - INFO - Reading train dataframe
[ 2023-01-11 13:45:02,778 ] 254 root - INFO - Reading test dataframe
[ 2023-01-11 13:45:02,877 ] 257 root - INFO - Drop null values colums from train df
[ 2023-01-11 13:45:02,888 ] 178 root - INFO - selecting column name which contains null above to 0.2
[ 2023-01-11 13:45:02,889 ] 181 root - INFO - Columns to drop: ['ab_000', 'ad_000', 'bk_000', 'bl_000', 'bm_000', 'bn_000', 'bo_000', 'bp_000', 'bq_000', 'br_000', 'cf_000', 'cg_000', 'ch_000', 'co_000', 'cr_000', 'ct_000', 'cu_000', 'cv_000', 'cx_000', 'cy_000', 'cz_000', 'da_000', 'db_000', 'dc_000']
[ 2023-01-11 13:45:02,897 ] 259 root - INFO - Drop null values colums from test df
[ 2023-01-11 13:45:02,901 ] 178 root - INFO - selecting column name which contains null above to 0.2
[ 2023-01-11 13:45:02,902 ] 181 root - INFO - Columns to drop: ['ab_000', 'ad_000', 'bk_000', 'bl_000', 'bm_000', 'bn_000', 'bo_000', 'bp_000', 'bq_000', 'br_000', 'cf_000', 'cg_000', 'ch_000', 'co_000', 'cr_000', 'ct_000', 'cu_000', 'cv_000', 'cx_000', 'cy_000', 'cz_000', 'da_000', 'db_000', 'dc_000']
[ 2023-01-11 13:45:02,906 ] 268 root - INFO - Is all required columns present in train df
[ 2023-01-11 13:45:02,906 ] 270 root - INFO - Is all required columns present in test df
[ 2023-01-11 13:45:02,906 ] 274 root - INFO - As all column are available in train df hence detecting data drift
[ 2023-01-11 13:45:02,906 ] 222 root - INFO - Hypothesis class: object, object 
[ 2023-01-11 13:45:03,047 ] 222 root - INFO - Hypothesis aa_000: int64, int64 
[ 2023-01-11 13:45:03,057 ] 222 root - INFO - Hypothesis ac_000: object, float64 
