[ 2023-01-11 13:46:51,764 ] 15 root - INFO - >>>>>>>>>>>>>>>>>>>>>>>>>>>>>>>>>>>>>>>> Data Ingestion <<<<<<<<<<<<<<<<<<<<<<<<<<<<<<<<<<<<<<<<
[ 2023-01-11 13:46:51,764 ] 22 root - INFO - Exporting collection data as pandas dataframe
[ 2023-01-11 13:46:51,764 ] 11 root - INFO - Reading Data from Database:aps and collection:sensor
[ 2023-01-11 13:46:55,151 ] 13 root - INFO - Found columns: Index(['_id', 'class', 'aa_000', 'ab_000', 'ac_000', 'ad_000', 'ae_000',
       'af_000', 'ag_000', 'ag_001',
       ...
       'ee_002', 'ee_003', 'ee_004', 'ee_005', 'ee_006', 'ee_007', 'ee_008',
       'ee_009', 'ef_000', 'eg_000'],
      dtype='object', length=172)
[ 2023-01-11 13:46:55,152 ] 15 root - INFO - Dropping column: _id 
[ 2023-01-11 13:46:55,341 ] 17 root - INFO - Row and columns in df: (36188, 171)
[ 2023-01-11 13:46:55,341 ] 27 root - INFO - replacing na values
[ 2023-01-11 13:46:55,919 ] 32 root - INFO - Save data in feature store
[ 2023-01-11 13:46:55,919 ] 34 root - INFO - Create feature store folder if not available
[ 2023-01-11 13:46:55,919 ] 39 root - INFO - Save df to feature store folder
[ 2023-01-11 13:46:58,313 ] 45 root - INFO - split dataset into train and test set
[ 2023-01-11 13:46:58,901 ] 49 root - INFO - create dataset directory folder if not available
[ 2023-01-11 13:46:58,902 ] 54 root - INFO - Save df to feature store folder
[ 2023-01-11 13:47:01,138 ] 69 root - INFO - Data ingestion artifact: DataIngestionArtifact(feature_store_file_path='/config/workspace/artifact/01112023__134651/data_ingestion/feature_store/sensor.csv', train_file_path='/config/workspace/artifact/01112023__134651/data_ingestion/dataset/train.csv', test_file_path='/config/workspace/artifact/01112023__134651/data_ingestion/dataset/test.csv')
[ 2023-01-11 13:47:01,550 ] 22 root - INFO - Exporting collection data as pandas dataframe
[ 2023-01-11 13:47:01,550 ] 11 root - INFO - Reading Data from Database:aps and collection:sensor
[ 2023-01-11 13:47:04,931 ] 13 root - INFO - Found columns: Index(['_id', 'class', 'aa_000', 'ab_000', 'ac_000', 'ad_000', 'ae_000',
       'af_000', 'ag_000', 'ag_001',
       ...
       'ee_002', 'ee_003', 'ee_004', 'ee_005', 'ee_006', 'ee_007', 'ee_008',
       'ee_009', 'ef_000', 'eg_000'],
      dtype='object', length=172)
[ 2023-01-11 13:47:04,932 ] 15 root - INFO - Dropping column: _id 
[ 2023-01-11 13:47:05,125 ] 17 root - INFO - Row and columns in df: (36188, 171)
[ 2023-01-11 13:47:05,126 ] 27 root - INFO - replacing na values
[ 2023-01-11 13:47:05,685 ] 32 root - INFO - Save data in feature store
[ 2023-01-11 13:47:05,685 ] 34 root - INFO - Create feature store folder if not available
[ 2023-01-11 13:47:05,685 ] 39 root - INFO - Save df to feature store folder
[ 2023-01-11 13:47:08,159 ] 45 root - INFO - split dataset into train and test set
[ 2023-01-11 13:47:08,738 ] 49 root - INFO - create dataset directory folder if not available
[ 2023-01-11 13:47:08,738 ] 54 root - INFO - Save df to feature store folder
[ 2023-01-11 13:47:10,958 ] 69 root - INFO - Data ingestion artifact: DataIngestionArtifact(feature_store_file_path='/config/workspace/artifact/01112023__134651/data_ingestion/feature_store/sensor.csv', train_file_path='/config/workspace/artifact/01112023__134651/data_ingestion/dataset/train.csv', test_file_path='/config/workspace/artifact/01112023__134651/data_ingestion/dataset/test.csv')
[ 2023-01-11 13:47:11,314 ] 22 root - INFO - >>>>>>>>>>>>>>>>>>>>>>>>>>>>>>>>>>>>>>>> Data Validation <<<<<<<<<<<<<<<<<<<<<<<<<<<<<<<<<<<<<<<<
[ 2023-01-11 13:47:11,314 ] 110 root - INFO - Reading base dataframe
[ 2023-01-11 13:47:14,171 ] 113 root - INFO - Replace na value in base df
[ 2023-01-11 13:47:14,171 ] 115 root - INFO - Drop null values colums from base df
[ 2023-01-11 13:47:15,107 ] 44 root - INFO - selecting column name which contains null above to 0.2
[ 2023-01-11 13:47:15,107 ] 47 root - INFO - Columns to drop: ['ab_000', 'ad_000', 'bk_000', 'bl_000', 'bm_000', 'bn_000', 'bo_000', 'bp_000', 'bq_000', 'br_000', 'cf_000', 'cg_000', 'ch_000', 'co_000', 'cr_000', 'ct_000', 'cu_000', 'cv_000', 'cx_000', 'cy_000', 'cz_000', 'da_000', 'db_000', 'dc_000']
[ 2023-01-11 13:47:15,189 ] 118 root - INFO - Reading train dataframe
[ 2023-01-11 13:47:15,550 ] 120 root - INFO - Reading test dataframe
[ 2023-01-11 13:47:15,649 ] 123 root - INFO - Drop null values colums from train df
[ 2023-01-11 13:47:15,660 ] 44 root - INFO - selecting column name which contains null above to 0.2
[ 2023-01-11 13:47:15,660 ] 47 root - INFO - Columns to drop: ['ab_000', 'ad_000', 'bk_000', 'bl_000', 'bm_000', 'bn_000', 'bo_000', 'bp_000', 'bq_000', 'br_000', 'cf_000', 'cg_000', 'ch_000', 'co_000', 'cr_000', 'ct_000', 'cu_000', 'cv_000', 'cx_000', 'cy_000', 'cz_000', 'da_000', 'db_000', 'dc_000']
[ 2023-01-11 13:47:15,669 ] 125 root - INFO - Drop null values colums from test df
[ 2023-01-11 13:47:15,673 ] 44 root - INFO - selecting column name which contains null above to 0.2
[ 2023-01-11 13:47:15,674 ] 47 root - INFO - Columns to drop: ['ab_000', 'ad_000', 'bk_000', 'bl_000', 'bm_000', 'bn_000', 'bo_000', 'bp_000', 'bq_000', 'br_000', 'cf_000', 'cg_000', 'ch_000', 'co_000', 'cr_000', 'ct_000', 'cu_000', 'cv_000', 'cx_000', 'cy_000', 'cz_000', 'da_000', 'db_000', 'dc_000']
[ 2023-01-11 13:47:15,676 ] 134 root - INFO - Is all required columns present in train df
[ 2023-01-11 13:47:15,677 ] 136 root - INFO - Is all required columns present in test df
[ 2023-01-11 13:47:15,677 ] 140 root - INFO - As all column are available in train df hence detecting data drift
[ 2023-01-11 13:47:15,677 ] 88 root - INFO - Hypothesis class: object, object 
[ 2023-01-11 13:47:15,817 ] 88 root - INFO - Hypothesis aa_000: int64, int64 
[ 2023-01-11 13:47:15,826 ] 88 root - INFO - Hypothesis ac_000: object, float64 
