[ 2023-01-11 13:55:35,326 ] 15 root - INFO - >>>>>>>>>>>>>>>>>>>>>>>>>>>>>>>>>>>>>>>> Data Ingestion <<<<<<<<<<<<<<<<<<<<<<<<<<<<<<<<<<<<<<<<
[ 2023-01-11 13:55:35,326 ] 22 root - INFO - Exporting collection data as pandas dataframe
[ 2023-01-11 13:55:35,326 ] 11 root - INFO - Reading Data from Database:aps and collection:sensor
[ 2023-01-11 13:55:38,738 ] 13 root - INFO - Found columns: Index(['_id', 'class', 'aa_000', 'ab_000', 'ac_000', 'ad_000', 'ae_000',
       'af_000', 'ag_000', 'ag_001',
       ...
       'ee_002', 'ee_003', 'ee_004', 'ee_005', 'ee_006', 'ee_007', 'ee_008',
       'ee_009', 'ef_000', 'eg_000'],
      dtype='object', length=172)
[ 2023-01-11 13:55:38,738 ] 15 root - INFO - Dropping column: _id 
[ 2023-01-11 13:55:38,977 ] 17 root - INFO - Row and columns in df: (36188, 171)
[ 2023-01-11 13:55:38,977 ] 27 root - INFO - replacing na values
[ 2023-01-11 13:55:39,721 ] 32 root - INFO - Save data in feature store
[ 2023-01-11 13:55:39,721 ] 34 root - INFO - Create feature store folder if not available
[ 2023-01-11 13:55:39,721 ] 39 root - INFO - Save df to feature store folder
[ 2023-01-11 13:55:42,442 ] 45 root - INFO - split dataset into train and test set
[ 2023-01-11 13:55:43,090 ] 49 root - INFO - create dataset directory folder if not available
[ 2023-01-11 13:55:43,092 ] 54 root - INFO - Save df to feature store folder
[ 2023-01-11 13:55:45,419 ] 69 root - INFO - Data ingestion artifact: DataIngestionArtifact(feature_store_file_path='/config/workspace/artifact/01112023__135535/data_ingestion/feature_store/sensor.csv', train_file_path='/config/workspace/artifact/01112023__135535/data_ingestion/dataset/train.csv', test_file_path='/config/workspace/artifact/01112023__135535/data_ingestion/dataset/test.csv')
[ 2023-01-11 13:55:45,865 ] 22 root - INFO - Exporting collection data as pandas dataframe
[ 2023-01-11 13:55:45,865 ] 11 root - INFO - Reading Data from Database:aps and collection:sensor
[ 2023-01-11 13:55:49,401 ] 13 root - INFO - Found columns: Index(['_id', 'class', 'aa_000', 'ab_000', 'ac_000', 'ad_000', 'ae_000',
       'af_000', 'ag_000', 'ag_001',
       ...
       'ee_002', 'ee_003', 'ee_004', 'ee_005', 'ee_006', 'ee_007', 'ee_008',
       'ee_009', 'ef_000', 'eg_000'],
      dtype='object', length=172)
[ 2023-01-11 13:55:49,402 ] 15 root - INFO - Dropping column: _id 
[ 2023-01-11 13:55:49,601 ] 17 root - INFO - Row and columns in df: (36188, 171)
[ 2023-01-11 13:55:49,601 ] 27 root - INFO - replacing na values
[ 2023-01-11 13:55:50,174 ] 32 root - INFO - Save data in feature store
[ 2023-01-11 13:55:50,175 ] 34 root - INFO - Create feature store folder if not available
[ 2023-01-11 13:55:50,175 ] 39 root - INFO - Save df to feature store folder
[ 2023-01-11 13:55:52,731 ] 45 root - INFO - split dataset into train and test set
[ 2023-01-11 13:55:53,313 ] 49 root - INFO - create dataset directory folder if not available
[ 2023-01-11 13:55:53,313 ] 54 root - INFO - Save df to feature store folder
[ 2023-01-11 13:55:55,560 ] 69 root - INFO - Data ingestion artifact: DataIngestionArtifact(feature_store_file_path='/config/workspace/artifact/01112023__135535/data_ingestion/feature_store/sensor.csv', train_file_path='/config/workspace/artifact/01112023__135535/data_ingestion/dataset/train.csv', test_file_path='/config/workspace/artifact/01112023__135535/data_ingestion/dataset/test.csv')
[ 2023-01-11 13:55:56,012 ] 22 root - INFO - >>>>>>>>>>>>>>>>>>>>>>>>>>>>>>>>>>>>>>>> Data Validation <<<<<<<<<<<<<<<<<<<<<<<<<<<<<<<<<<<<<<<<
[ 2023-01-11 13:55:56,012 ] 110 root - INFO - Reading base dataframe
[ 2023-01-11 13:55:58,883 ] 113 root - INFO - Replace na value in base df
[ 2023-01-11 13:55:58,883 ] 115 root - INFO - Drop null values colums from base df
[ 2023-01-11 13:55:59,817 ] 44 root - INFO - selecting column name which contains null above to 0.2
[ 2023-01-11 13:55:59,817 ] 47 root - INFO - Columns to drop: ['ab_000', 'ad_000', 'bk_000', 'bl_000', 'bm_000', 'bn_000', 'bo_000', 'bp_000', 'bq_000', 'br_000', 'cf_000', 'cg_000', 'ch_000', 'co_000', 'cr_000', 'ct_000', 'cu_000', 'cv_000', 'cx_000', 'cy_000', 'cz_000', 'da_000', 'db_000', 'dc_000']
[ 2023-01-11 13:55:59,906 ] 118 root - INFO - Reading train dataframe
[ 2023-01-11 13:56:00,283 ] 120 root - INFO - Reading test dataframe
[ 2023-01-11 13:56:00,382 ] 123 root - INFO - Drop null values colums from train df
[ 2023-01-11 13:56:00,393 ] 44 root - INFO - selecting column name which contains null above to 0.2
[ 2023-01-11 13:56:00,394 ] 47 root - INFO - Columns to drop: ['ab_000', 'ad_000', 'bk_000', 'bl_000', 'bm_000', 'bn_000', 'bo_000', 'bp_000', 'bq_000', 'br_000', 'cf_000', 'cg_000', 'ch_000', 'co_000', 'cr_000', 'ct_000', 'cu_000', 'cv_000', 'cx_000', 'cy_000', 'cz_000', 'da_000', 'db_000', 'dc_000']
[ 2023-01-11 13:56:00,402 ] 125 root - INFO - Drop null values colums from test df
[ 2023-01-11 13:56:00,406 ] 44 root - INFO - selecting column name which contains null above to 0.2
[ 2023-01-11 13:56:00,407 ] 47 root - INFO - Columns to drop: ['ab_000', 'ad_000', 'bk_000', 'bl_000', 'bm_000', 'bn_000', 'bo_000', 'bp_000', 'bq_000', 'br_000', 'cf_000', 'cg_000', 'ch_000', 'co_000', 'cr_000', 'ct_000', 'cu_000', 'cv_000', 'cx_000', 'cy_000', 'cz_000', 'da_000', 'db_000', 'dc_000']
