[ 2023-01-25 22:21:43,210 ] 15 root - INFO - >>>>>>>>>>>>>>>>>>>>>>>>>>>>>>>>>>>>>>>> Data Ingestion <<<<<<<<<<<<<<<<<<<<<<<<<<<<<<<<<<<<<<<<
[ 2023-01-25 22:21:43,210 ] 22 root - INFO - Exporting collection data as pandas dataframe
[ 2023-01-25 22:21:43,210 ] 21 root - INFO - Reading data from database: aps and collection: sensor
[ 2023-01-25 22:21:51,072 ] 23 root - INFO - Found columns: Index(['_id', 'class', 'aa_000', 'ab_000', 'ac_000', 'ad_000', 'ae_000',
       'af_000', 'ag_000', 'ag_001',
       ...
       'ee_002', 'ee_003', 'ee_004', 'ee_005', 'ee_006', 'ee_007', 'ee_008',
       'ee_009', 'ef_000', 'eg_000'],
      dtype='object', length=172)
[ 2023-01-25 22:21:51,072 ] 25 root - INFO - Dropping column: _id 
[ 2023-01-25 22:21:51,298 ] 27 root - INFO - Row and columns in df: (36188, 171)
[ 2023-01-25 22:21:51,299 ] 27 root - INFO - replacing na values
[ 2023-01-25 22:21:51,829 ] 32 root - INFO - Save data in feature store
[ 2023-01-25 22:21:51,830 ] 34 root - INFO - Create feature store folder if not available
[ 2023-01-25 22:21:51,830 ] 39 root - INFO - Save df to feature store folder
[ 2023-01-25 22:21:54,303 ] 45 root - INFO - split dataset into train and test set
[ 2023-01-25 22:21:54,999 ] 49 root - INFO - create dataset directory folder if not available
[ 2023-01-25 22:21:54,999 ] 54 root - INFO - Save df to feature store folder
[ 2023-01-25 22:21:57,248 ] 69 root - INFO - Data ingestion artifact: DataIngestionArtifact(feature_store_file_path='/config/workspace/artifact/01252023__222143/data_ingestion/feature_store/sensor.csv', train_file_path='/config/workspace/artifact/01252023__222143/data_ingestion/dataset/train.csv', test_file_path='/config/workspace/artifact/01252023__222143/data_ingestion/dataset/test.csv')
[ 2023-01-25 22:21:57,716 ] 22 root - INFO - >>>>>>>>>>>>>>>>>>>>>>>>>>>>>>>>>>>>>>>> Data Validation <<<<<<<<<<<<<<<<<<<<<<<<<<<<<<<<<<<<<<<<
[ 2023-01-25 22:21:57,716 ] 110 root - INFO - Reading base dataframe
[ 2023-01-25 22:22:00,709 ] 113 root - INFO - Replace na value in base df
[ 2023-01-25 22:22:00,709 ] 115 root - INFO - Drop null values colums from base df
[ 2023-01-25 22:22:01,641 ] 44 root - INFO - selecting column name which contains null above to 0.2
[ 2023-01-25 22:22:01,641 ] 47 root - INFO - Columns to drop: ['ab_000', 'ad_000', 'bk_000', 'bl_000', 'bm_000', 'bn_000', 'bo_000', 'bp_000', 'bq_000', 'br_000', 'cf_000', 'cg_000', 'ch_000', 'co_000', 'cr_000', 'ct_000', 'cu_000', 'cv_000', 'cx_000', 'cy_000', 'cz_000', 'da_000', 'db_000', 'dc_000']
[ 2023-01-25 22:22:01,739 ] 118 root - INFO - Reading train dataframe
[ 2023-01-25 22:22:02,145 ] 120 root - INFO - Reading test dataframe
[ 2023-01-25 22:22:02,242 ] 123 root - INFO - Drop null values colums from train df
[ 2023-01-25 22:22:02,254 ] 44 root - INFO - selecting column name which contains null above to 0.2
[ 2023-01-25 22:22:02,255 ] 47 root - INFO - Columns to drop: ['ab_000', 'ad_000', 'bk_000', 'bl_000', 'bm_000', 'bn_000', 'bo_000', 'bp_000', 'bq_000', 'br_000', 'cf_000', 'cg_000', 'ch_000', 'co_000', 'cr_000', 'ct_000', 'cu_000', 'cv_000', 'cx_000', 'cy_000', 'cz_000', 'da_000', 'db_000', 'dc_000']
[ 2023-01-25 22:22:02,264 ] 125 root - INFO - Drop null values colums from test df
[ 2023-01-25 22:22:02,268 ] 44 root - INFO - selecting column name which contains null above to 0.2
[ 2023-01-25 22:22:02,268 ] 47 root - INFO - Columns to drop: ['ab_000', 'ad_000', 'bk_000', 'bl_000', 'bm_000', 'bn_000', 'bo_000', 'bp_000', 'bq_000', 'br_000', 'cf_000', 'cg_000', 'ch_000', 'co_000', 'cr_000', 'ct_000', 'cu_000', 'cv_000', 'cx_000', 'cy_000', 'cz_000', 'da_000', 'db_000', 'dc_000']
[ 2023-01-25 22:22:08,355 ] 134 root - INFO - Is all required columns present in train df
[ 2023-01-25 22:22:08,355 ] 136 root - INFO - Is all required columns present in test df
[ 2023-01-25 22:22:08,355 ] 140 root - INFO - As all column are available in train df hence detecting data drift
[ 2023-01-25 22:22:08,356 ] 88 root - INFO - Hypothesis class: object, object 
[ 2023-01-25 22:22:08,492 ] 88 root - INFO - Hypothesis aa_000: float64, float64 
[ 2023-01-25 22:22:08,503 ] 88 root - INFO - Hypothesis ac_000: float64, float64 
[ 2023-01-25 22:22:08,543 ] 88 root - INFO - Hypothesis ae_000: float64, float64 
[ 2023-01-25 22:22:08,579 ] 88 root - INFO - Hypothesis af_000: float64, float64 
[ 2023-01-25 22:22:08,615 ] 88 root - INFO - Hypothesis ag_000: float64, float64 
[ 2023-01-25 22:22:08,651 ] 88 root - INFO - Hypothesis ag_001: float64, float64 
[ 2023-01-25 22:22:08,686 ] 88 root - INFO - Hypothesis ag_002: float64, float64 
[ 2023-01-25 22:22:08,722 ] 88 root - INFO - Hypothesis ag_003: float64, float64 
[ 2023-01-25 22:22:08,729 ] 88 root - INFO - Hypothesis ag_004: float64, float64 
[ 2023-01-25 22:22:08,739 ] 88 root - INFO - Hypothesis ag_005: float64, float64 
[ 2023-01-25 22:22:08,749 ] 88 root - INFO - Hypothesis ag_006: float64, float64 
[ 2023-01-25 22:22:08,760 ] 88 root - INFO - Hypothesis ag_007: float64, float64 
[ 2023-01-25 22:22:08,770 ] 88 root - INFO - Hypothesis ag_008: float64, float64 
[ 2023-01-25 22:22:08,778 ] 88 root - INFO - Hypothesis ag_009: float64, float64 
[ 2023-01-25 22:22:08,787 ] 88 root - INFO - Hypothesis ah_000: float64, float64 
[ 2023-01-25 22:22:08,798 ] 88 root - INFO - Hypothesis ai_000: float64, float64 
[ 2023-01-25 22:22:08,837 ] 88 root - INFO - Hypothesis aj_000: float64, float64 
[ 2023-01-25 22:22:08,843 ] 88 root - INFO - Hypothesis ak_000: float64, float64 
[ 2023-01-25 22:22:08,880 ] 88 root - INFO - Hypothesis al_000: float64, float64 
[ 2023-01-25 22:22:08,888 ] 88 root - INFO - Hypothesis am_0: float64, float64 
[ 2023-01-25 22:22:08,895 ] 88 root - INFO - Hypothesis an_000: float64, float64 
[ 2023-01-25 22:22:08,906 ] 88 root - INFO - Hypothesis ao_000: float64, float64 
[ 2023-01-25 22:22:08,916 ] 88 root - INFO - Hypothesis ap_000: float64, float64 
[ 2023-01-25 22:22:08,926 ] 88 root - INFO - Hypothesis aq_000: float64, float64 
[ 2023-01-25 22:22:08,937 ] 88 root - INFO - Hypothesis ar_000: float64, float64 
[ 2023-01-25 22:22:08,973 ] 88 root - INFO - Hypothesis as_000: float64, float64 
[ 2023-01-25 22:22:09,009 ] 88 root - INFO - Hypothesis at_000: float64, float64 
[ 2023-01-25 22:22:09,046 ] 88 root - INFO - Hypothesis au_000: float64, float64 
[ 2023-01-25 22:22:09,082 ] 88 root - INFO - Hypothesis av_000: float64, float64 
[ 2023-01-25 22:22:09,090 ] 88 root - INFO - Hypothesis ax_000: float64, float64 
[ 2023-01-25 22:22:09,098 ] 88 root - INFO - Hypothesis ay_000: float64, float64 
[ 2023-01-25 22:22:09,134 ] 88 root - INFO - Hypothesis ay_001: float64, float64 
[ 2023-01-25 22:22:09,170 ] 88 root - INFO - Hypothesis ay_002: float64, float64 
[ 2023-01-25 22:22:09,206 ] 88 root - INFO - Hypothesis ay_003: float64, float64 
[ 2023-01-25 22:22:09,244 ] 88 root - INFO - Hypothesis ay_004: float64, float64 
[ 2023-01-25 22:22:09,281 ] 88 root - INFO - Hypothesis ay_005: float64, float64 
[ 2023-01-25 22:22:09,321 ] 88 root - INFO - Hypothesis ay_006: float64, float64 
[ 2023-01-25 22:22:09,331 ] 88 root - INFO - Hypothesis ay_007: float64, float64 
[ 2023-01-25 22:22:09,341 ] 88 root - INFO - Hypothesis ay_008: float64, float64 
[ 2023-01-25 22:22:09,351 ] 88 root - INFO - Hypothesis ay_009: float64, float64 
[ 2023-01-25 22:22:09,386 ] 88 root - INFO - Hypothesis az_000: float64, float64 
[ 2023-01-25 22:22:09,396 ] 88 root - INFO - Hypothesis az_001: float64, float64 
[ 2023-01-25 22:22:09,405 ] 88 root - INFO - Hypothesis az_002: float64, float64 
[ 2023-01-25 22:22:09,415 ] 88 root - INFO - Hypothesis az_003: float64, float64 
[ 2023-01-25 22:22:09,425 ] 88 root - INFO - Hypothesis az_004: float64, float64 
[ 2023-01-25 22:22:09,435 ] 88 root - INFO - Hypothesis az_005: float64, float64 
[ 2023-01-25 22:22:09,445 ] 88 root - INFO - Hypothesis az_006: float64, float64 
[ 2023-01-25 22:22:09,486 ] 88 root - INFO - Hypothesis az_007: float64, float64 
[ 2023-01-25 22:22:09,524 ] 88 root - INFO - Hypothesis az_008: float64, float64 
[ 2023-01-25 22:22:09,560 ] 88 root - INFO - Hypothesis az_009: float64, float64 
[ 2023-01-25 22:22:09,597 ] 88 root - INFO - Hypothesis ba_000: float64, float64 
[ 2023-01-25 22:22:09,607 ] 88 root - INFO - Hypothesis ba_001: float64, float64 
[ 2023-01-25 22:22:09,618 ] 88 root - INFO - Hypothesis ba_002: float64, float64 
[ 2023-01-25 22:22:09,628 ] 88 root - INFO - Hypothesis ba_003: float64, float64 
[ 2023-01-25 22:22:09,638 ] 88 root - INFO - Hypothesis ba_004: float64, float64 
[ 2023-01-25 22:22:09,648 ] 88 root - INFO - Hypothesis ba_005: float64, float64 
[ 2023-01-25 22:22:09,658 ] 88 root - INFO - Hypothesis ba_006: float64, float64 
[ 2023-01-25 22:22:09,668 ] 88 root - INFO - Hypothesis ba_007: float64, float64 
[ 2023-01-25 22:22:09,678 ] 88 root - INFO - Hypothesis ba_008: float64, float64 
[ 2023-01-25 22:22:09,719 ] 88 root - INFO - Hypothesis ba_009: float64, float64 
[ 2023-01-25 22:22:09,758 ] 88 root - INFO - Hypothesis bb_000: float64, float64 
[ 2023-01-25 22:22:09,769 ] 88 root - INFO - Hypothesis bc_000: float64, float64 
[ 2023-01-25 22:22:09,810 ] 88 root - INFO - Hypothesis bd_000: float64, float64 
[ 2023-01-25 22:22:09,819 ] 88 root - INFO - Hypothesis be_000: float64, float64 
[ 2023-01-25 22:22:09,827 ] 88 root - INFO - Hypothesis bf_000: float64, float64 
[ 2023-01-25 22:22:09,834 ] 88 root - INFO - Hypothesis bg_000: float64, float64 
[ 2023-01-25 22:22:09,844 ] 88 root - INFO - Hypothesis bh_000: float64, float64 
[ 2023-01-25 22:22:09,854 ] 88 root - INFO - Hypothesis bi_000: float64, float64 
[ 2023-01-25 22:22:09,865 ] 88 root - INFO - Hypothesis bj_000: float64, float64 
[ 2023-01-25 22:22:09,875 ] 88 root - INFO - Hypothesis bs_000: float64, float64 
[ 2023-01-25 22:22:09,886 ] 88 root - INFO - Hypothesis bt_000: float64, float64 
[ 2023-01-25 22:22:09,897 ] 88 root - INFO - Hypothesis bu_000: float64, float64 
[ 2023-01-25 22:22:09,907 ] 88 root - INFO - Hypothesis bv_000: float64, float64 
[ 2023-01-25 22:22:09,917 ] 88 root - INFO - Hypothesis bx_000: float64, float64 
[ 2023-01-25 22:22:09,927 ] 88 root - INFO - Hypothesis by_000: float64, float64 
[ 2023-01-25 22:22:09,937 ] 88 root - INFO - Hypothesis bz_000: float64, float64 
[ 2023-01-25 22:22:09,946 ] 88 root - INFO - Hypothesis ca_000: float64, float64 
[ 2023-01-25 22:22:09,957 ] 88 root - INFO - Hypothesis cb_000: float64, float64 
[ 2023-01-25 22:22:09,967 ] 88 root - INFO - Hypothesis cc_000: float64, float64 
[ 2023-01-25 22:22:09,978 ] 88 root - INFO - Hypothesis cd_000: float64, float64 
[ 2023-01-25 22:22:10,014 ] 88 root - INFO - Hypothesis ce_000: float64, float64 
[ 2023-01-25 22:22:10,023 ] 88 root - INFO - Hypothesis ci_000: float64, float64 
[ 2023-01-25 22:22:10,034 ] 88 root - INFO - Hypothesis cj_000: float64, float64 
[ 2023-01-25 22:22:10,071 ] 88 root - INFO - Hypothesis ck_000: float64, float64 
[ 2023-01-25 22:22:10,082 ] 88 root - INFO - Hypothesis cl_000: float64, float64 
[ 2023-01-25 22:22:10,088 ] 88 root - INFO - Hypothesis cm_000: float64, float64 
[ 2023-01-25 22:22:10,095 ] 88 root - INFO - Hypothesis cn_000: float64, float64 
[ 2023-01-25 22:22:10,131 ] 88 root - INFO - Hypothesis cn_001: float64, float64 
[ 2023-01-25 22:22:10,168 ] 88 root - INFO - Hypothesis cn_002: float64, float64 
[ 2023-01-25 22:22:10,176 ] 88 root - INFO - Hypothesis cn_003: float64, float64 
[ 2023-01-25 22:22:10,187 ] 88 root - INFO - Hypothesis cn_004: float64, float64 
[ 2023-01-25 22:22:10,197 ] 88 root - INFO - Hypothesis cn_005: float64, float64 
[ 2023-01-25 22:22:10,207 ] 88 root - INFO - Hypothesis cn_006: float64, float64 
[ 2023-01-25 22:22:10,217 ] 88 root - INFO - Hypothesis cn_007: float64, float64 
[ 2023-01-25 22:22:10,227 ] 88 root - INFO - Hypothesis cn_008: float64, float64 
[ 2023-01-25 22:22:10,237 ] 88 root - INFO - Hypothesis cn_009: float64, float64 
[ 2023-01-25 22:22:10,276 ] 88 root - INFO - Hypothesis cp_000: float64, float64 
[ 2023-01-25 22:22:10,317 ] 88 root - INFO - Hypothesis cq_000: float64, float64 
[ 2023-01-25 22:22:10,327 ] 88 root - INFO - Hypothesis cs_000: float64, float64 
[ 2023-01-25 22:22:10,337 ] 88 root - INFO - Hypothesis cs_001: float64, float64 
[ 2023-01-25 22:22:10,346 ] 88 root - INFO - Hypothesis cs_002: float64, float64 
[ 2023-01-25 22:22:10,355 ] 88 root - INFO - Hypothesis cs_003: float64, float64 
[ 2023-01-25 22:22:10,366 ] 88 root - INFO - Hypothesis cs_004: float64, float64 
[ 2023-01-25 22:22:10,376 ] 88 root - INFO - Hypothesis cs_005: float64, float64 
[ 2023-01-25 22:22:10,386 ] 88 root - INFO - Hypothesis cs_006: float64, float64 
[ 2023-01-25 22:22:10,397 ] 88 root - INFO - Hypothesis cs_007: float64, float64 
[ 2023-01-25 22:22:10,407 ] 88 root - INFO - Hypothesis cs_008: float64, float64 
[ 2023-01-25 22:22:10,447 ] 88 root - INFO - Hypothesis cs_009: float64, float64 
[ 2023-01-25 22:22:10,488 ] 88 root - INFO - Hypothesis dd_000: float64, float64 
[ 2023-01-25 22:22:10,498 ] 88 root - INFO - Hypothesis de_000: float64, float64 
[ 2023-01-25 22:22:10,506 ] 88 root - INFO - Hypothesis df_000: float64, float64 
[ 2023-01-25 22:22:10,543 ] 88 root - INFO - Hypothesis dg_000: float64, float64 
[ 2023-01-25 22:22:10,579 ] 88 root - INFO - Hypothesis dh_000: float64, float64 
[ 2023-01-25 22:22:10,585 ] 88 root - INFO - Hypothesis di_000: float64, float64 
[ 2023-01-25 22:22:10,623 ] 88 root - INFO - Hypothesis dj_000: float64, float64 
[ 2023-01-25 22:22:10,659 ] 88 root - INFO - Hypothesis dk_000: float64, float64 
[ 2023-01-25 22:22:10,695 ] 88 root - INFO - Hypothesis dl_000: float64, float64 
[ 2023-01-25 22:22:10,733 ] 88 root - INFO - Hypothesis dm_000: float64, float64 
[ 2023-01-25 22:22:10,771 ] 88 root - INFO - Hypothesis dn_000: float64, float64 
[ 2023-01-25 22:22:10,782 ] 88 root - INFO - Hypothesis do_000: float64, float64 
[ 2023-01-25 22:22:10,791 ] 88 root - INFO - Hypothesis dp_000: float64, float64 
[ 2023-01-25 22:22:10,801 ] 88 root - INFO - Hypothesis dq_000: float64, float64 
[ 2023-01-25 22:22:10,843 ] 88 root - INFO - Hypothesis dr_000: float64, float64 
[ 2023-01-25 22:22:10,883 ] 88 root - INFO - Hypothesis ds_000: float64, float64 
[ 2023-01-25 22:22:10,893 ] 88 root - INFO - Hypothesis dt_000: float64, float64 
[ 2023-01-25 22:22:10,903 ] 88 root - INFO - Hypothesis du_000: float64, float64 
[ 2023-01-25 22:22:10,913 ] 88 root - INFO - Hypothesis dv_000: float64, float64 
[ 2023-01-25 22:22:10,923 ] 88 root - INFO - Hypothesis dx_000: float64, float64 
[ 2023-01-25 22:22:10,962 ] 88 root - INFO - Hypothesis dy_000: float64, float64 
[ 2023-01-25 22:22:11,001 ] 88 root - INFO - Hypothesis dz_000: float64, float64 
[ 2023-01-25 22:22:11,038 ] 88 root - INFO - Hypothesis ea_000: float64, float64 
[ 2023-01-25 22:22:11,074 ] 88 root - INFO - Hypothesis eb_000: float64, float64 
[ 2023-01-25 22:22:11,084 ] 88 root - INFO - Hypothesis ec_00: float64, float64 
[ 2023-01-25 22:22:11,094 ] 88 root - INFO - Hypothesis ed_000: float64, float64 
[ 2023-01-25 22:22:11,103 ] 88 root - INFO - Hypothesis ee_000: float64, float64 
[ 2023-01-25 22:22:11,114 ] 88 root - INFO - Hypothesis ee_001: float64, float64 
[ 2023-01-25 22:22:11,124 ] 88 root - INFO - Hypothesis ee_002: float64, float64 
[ 2023-01-25 22:22:11,134 ] 88 root - INFO - Hypothesis ee_003: float64, float64 
[ 2023-01-25 22:22:11,144 ] 88 root - INFO - Hypothesis ee_004: float64, float64 
[ 2023-01-25 22:22:11,155 ] 88 root - INFO - Hypothesis ee_005: float64, float64 
[ 2023-01-25 22:22:11,165 ] 88 root - INFO - Hypothesis ee_006: float64, float64 
[ 2023-01-25 22:22:11,175 ] 88 root - INFO - Hypothesis ee_007: float64, float64 
[ 2023-01-25 22:22:11,185 ] 88 root - INFO - Hypothesis ee_008: float64, float64 
[ 2023-01-25 22:22:11,193 ] 88 root - INFO - Hypothesis ee_009: float64, float64 
[ 2023-01-25 22:22:11,201 ] 88 root - INFO - Hypothesis ef_000: float64, float64 
[ 2023-01-25 22:22:11,238 ] 88 root - INFO - Hypothesis eg_000: float64, float64 
[ 2023-01-25 22:22:11,274 ] 143 root - INFO - As all column are available in test df hence detecting data drift
[ 2023-01-25 22:22:11,275 ] 88 root - INFO - Hypothesis class: object, object 
[ 2023-01-25 22:22:11,349 ] 88 root - INFO - Hypothesis aa_000: float64, float64 
[ 2023-01-25 22:22:11,356 ] 88 root - INFO - Hypothesis ac_000: float64, float64 
[ 2023-01-25 22:22:11,362 ] 88 root - INFO - Hypothesis ae_000: float64, float64 
[ 2023-01-25 22:22:11,377 ] 88 root - INFO - Hypothesis af_000: float64, float64 
[ 2023-01-25 22:22:11,393 ] 88 root - INFO - Hypothesis ag_000: float64, float64 
[ 2023-01-25 22:22:11,407 ] 88 root - INFO - Hypothesis ag_001: float64, float64 
[ 2023-01-25 22:22:11,422 ] 88 root - INFO - Hypothesis ag_002: float64, float64 
[ 2023-01-25 22:22:11,426 ] 88 root - INFO - Hypothesis ag_003: float64, float64 
[ 2023-01-25 22:22:11,430 ] 88 root - INFO - Hypothesis ag_004: float64, float64 
[ 2023-01-25 22:22:11,437 ] 88 root - INFO - Hypothesis ag_005: float64, float64 
[ 2023-01-25 22:22:11,444 ] 88 root - INFO - Hypothesis ag_006: float64, float64 
[ 2023-01-25 22:22:11,451 ] 88 root - INFO - Hypothesis ag_007: float64, float64 
[ 2023-01-25 22:22:11,457 ] 88 root - INFO - Hypothesis ag_008: float64, float64 
[ 2023-01-25 22:22:11,462 ] 88 root - INFO - Hypothesis ag_009: float64, float64 
[ 2023-01-25 22:22:11,467 ] 88 root - INFO - Hypothesis ah_000: float64, float64 
[ 2023-01-25 22:22:11,474 ] 88 root - INFO - Hypothesis ai_000: float64, float64 
[ 2023-01-25 22:22:11,477 ] 88 root - INFO - Hypothesis aj_000: float64, float64 
[ 2023-01-25 22:22:11,481 ] 88 root - INFO - Hypothesis ak_000: float64, float64 
[ 2023-01-25 22:22:11,484 ] 88 root - INFO - Hypothesis al_000: float64, float64 
[ 2023-01-25 22:22:11,489 ] 88 root - INFO - Hypothesis am_0: float64, float64 
[ 2023-01-25 22:22:11,494 ] 88 root - INFO - Hypothesis an_000: float64, float64 
[ 2023-01-25 22:22:11,501 ] 88 root - INFO - Hypothesis ao_000: float64, float64 
[ 2023-01-25 22:22:11,508 ] 88 root - INFO - Hypothesis ap_000: float64, float64 
[ 2023-01-25 22:22:11,516 ] 88 root - INFO - Hypothesis aq_000: float64, float64 
[ 2023-01-25 22:22:11,523 ] 88 root - INFO - Hypothesis ar_000: float64, float64 
[ 2023-01-25 22:22:11,539 ] 88 root - INFO - Hypothesis as_000: float64, float64 
[ 2023-01-25 22:22:11,555 ] 88 root - INFO - Hypothesis at_000: float64, float64 
[ 2023-01-25 22:22:11,571 ] 88 root - INFO - Hypothesis au_000: float64, float64 
[ 2023-01-25 22:22:11,586 ] 88 root - INFO - Hypothesis av_000: float64, float64 
[ 2023-01-25 22:22:11,592 ] 88 root - INFO - Hypothesis ax_000: float64, float64 
[ 2023-01-25 22:22:11,597 ] 88 root - INFO - Hypothesis ay_000: float64, float64 
[ 2023-01-25 22:22:11,612 ] 88 root - INFO - Hypothesis ay_001: float64, float64 
[ 2023-01-25 22:22:11,628 ] 88 root - INFO - Hypothesis ay_002: float64, float64 
[ 2023-01-25 22:22:11,643 ] 88 root - INFO - Hypothesis ay_003: float64, float64 
[ 2023-01-25 22:22:11,658 ] 88 root - INFO - Hypothesis ay_004: float64, float64 
[ 2023-01-25 22:22:11,673 ] 88 root - INFO - Hypothesis ay_005: float64, float64 
[ 2023-01-25 22:22:11,679 ] 88 root - INFO - Hypothesis ay_006: float64, float64 
[ 2023-01-25 22:22:11,685 ] 88 root - INFO - Hypothesis ay_007: float64, float64 
[ 2023-01-25 22:22:11,691 ] 88 root - INFO - Hypothesis ay_008: float64, float64 
[ 2023-01-25 22:22:11,699 ] 88 root - INFO - Hypothesis ay_009: float64, float64 
[ 2023-01-25 22:22:11,715 ] 88 root - INFO - Hypothesis az_000: float64, float64 
[ 2023-01-25 22:22:11,722 ] 88 root - INFO - Hypothesis az_001: float64, float64 
[ 2023-01-25 22:22:11,728 ] 88 root - INFO - Hypothesis az_002: float64, float64 
[ 2023-01-25 22:22:11,737 ] 88 root - INFO - Hypothesis az_003: float64, float64 
[ 2023-01-25 22:22:11,744 ] 88 root - INFO - Hypothesis az_004: float64, float64 
[ 2023-01-25 22:22:11,751 ] 88 root - INFO - Hypothesis az_005: float64, float64 
[ 2023-01-25 22:22:11,758 ] 88 root - INFO - Hypothesis az_006: float64, float64 
[ 2023-01-25 22:22:11,764 ] 88 root - INFO - Hypothesis az_007: float64, float64 
[ 2023-01-25 22:22:11,769 ] 88 root - INFO - Hypothesis az_008: float64, float64 
[ 2023-01-25 22:22:11,784 ] 88 root - INFO - Hypothesis az_009: float64, float64 
[ 2023-01-25 22:22:11,800 ] 88 root - INFO - Hypothesis ba_000: float64, float64 
[ 2023-01-25 22:22:11,807 ] 88 root - INFO - Hypothesis ba_001: float64, float64 
[ 2023-01-25 22:22:11,814 ] 88 root - INFO - Hypothesis ba_002: float64, float64 
[ 2023-01-25 22:22:11,821 ] 88 root - INFO - Hypothesis ba_003: float64, float64 
[ 2023-01-25 22:22:11,828 ] 88 root - INFO - Hypothesis ba_004: float64, float64 
[ 2023-01-25 22:22:11,835 ] 88 root - INFO - Hypothesis ba_005: float64, float64 
[ 2023-01-25 22:22:11,841 ] 88 root - INFO - Hypothesis ba_006: float64, float64 
[ 2023-01-25 22:22:11,849 ] 88 root - INFO - Hypothesis ba_007: float64, float64 
[ 2023-01-25 22:22:11,855 ] 88 root - INFO - Hypothesis ba_008: float64, float64 
[ 2023-01-25 22:22:11,860 ] 88 root - INFO - Hypothesis ba_009: float64, float64 
[ 2023-01-25 22:22:11,865 ] 88 root - INFO - Hypothesis bb_000: float64, float64 
[ 2023-01-25 22:22:11,872 ] 88 root - INFO - Hypothesis bc_000: float64, float64 
[ 2023-01-25 22:22:11,878 ] 88 root - INFO - Hypothesis bd_000: float64, float64 
[ 2023-01-25 22:22:11,883 ] 88 root - INFO - Hypothesis be_000: float64, float64 
[ 2023-01-25 22:22:11,889 ] 88 root - INFO - Hypothesis bf_000: float64, float64 
[ 2023-01-25 22:22:11,894 ] 88 root - INFO - Hypothesis bg_000: float64, float64 
[ 2023-01-25 22:22:11,901 ] 88 root - INFO - Hypothesis bh_000: float64, float64 
[ 2023-01-25 22:22:11,908 ] 88 root - INFO - Hypothesis bi_000: float64, float64 
[ 2023-01-25 22:22:11,915 ] 88 root - INFO - Hypothesis bj_000: float64, float64 
[ 2023-01-25 22:22:11,922 ] 88 root - INFO - Hypothesis bs_000: float64, float64 
[ 2023-01-25 22:22:11,929 ] 88 root - INFO - Hypothesis bt_000: float64, float64 
[ 2023-01-25 22:22:11,936 ] 88 root - INFO - Hypothesis bu_000: float64, float64 
[ 2023-01-25 22:22:11,943 ] 88 root - INFO - Hypothesis bv_000: float64, float64 
[ 2023-01-25 22:22:11,950 ] 88 root - INFO - Hypothesis bx_000: float64, float64 
[ 2023-01-25 22:22:11,957 ] 88 root - INFO - Hypothesis by_000: float64, float64 
[ 2023-01-25 22:22:11,964 ] 88 root - INFO - Hypothesis bz_000: float64, float64 
[ 2023-01-25 22:22:11,970 ] 88 root - INFO - Hypothesis ca_000: float64, float64 
[ 2023-01-25 22:22:11,976 ] 88 root - INFO - Hypothesis cb_000: float64, float64 
[ 2023-01-25 22:22:11,983 ] 88 root - INFO - Hypothesis cc_000: float64, float64 
[ 2023-01-25 22:22:11,990 ] 88 root - INFO - Hypothesis cd_000: float64, float64 
[ 2023-01-25 22:22:12,006 ] 88 root - INFO - Hypothesis ce_000: float64, float64 
[ 2023-01-25 22:22:12,012 ] 88 root - INFO - Hypothesis ci_000: float64, float64 
[ 2023-01-25 22:22:12,019 ] 88 root - INFO - Hypothesis cj_000: float64, float64 
[ 2023-01-25 22:22:12,023 ] 88 root - INFO - Hypothesis ck_000: float64, float64 
[ 2023-01-25 22:22:12,030 ] 88 root - INFO - Hypothesis cl_000: float64, float64 
[ 2023-01-25 22:22:12,035 ] 88 root - INFO - Hypothesis cm_000: float64, float64 
[ 2023-01-25 22:22:12,039 ] 88 root - INFO - Hypothesis cn_000: float64, float64 
[ 2023-01-25 22:22:12,055 ] 88 root - INFO - Hypothesis cn_001: float64, float64 
[ 2023-01-25 22:22:12,059 ] 88 root - INFO - Hypothesis cn_002: float64, float64 
[ 2023-01-25 22:22:12,064 ] 88 root - INFO - Hypothesis cn_003: float64, float64 
[ 2023-01-25 22:22:12,071 ] 88 root - INFO - Hypothesis cn_004: float64, float64 
[ 2023-01-25 22:22:12,078 ] 88 root - INFO - Hypothesis cn_005: float64, float64 
[ 2023-01-25 22:22:12,085 ] 88 root - INFO - Hypothesis cn_006: float64, float64 
[ 2023-01-25 22:22:12,092 ] 88 root - INFO - Hypothesis cn_007: float64, float64 
[ 2023-01-25 22:22:12,098 ] 88 root - INFO - Hypothesis cn_008: float64, float64 
[ 2023-01-25 22:22:12,104 ] 88 root - INFO - Hypothesis cn_009: float64, float64 
[ 2023-01-25 22:22:12,110 ] 88 root - INFO - Hypothesis cp_000: float64, float64 
[ 2023-01-25 22:22:12,115 ] 88 root - INFO - Hypothesis cq_000: float64, float64 
[ 2023-01-25 22:22:12,122 ] 88 root - INFO - Hypothesis cs_000: float64, float64 
[ 2023-01-25 22:22:12,128 ] 88 root - INFO - Hypothesis cs_001: float64, float64 
[ 2023-01-25 22:22:12,134 ] 88 root - INFO - Hypothesis cs_002: float64, float64 
[ 2023-01-25 22:22:12,141 ] 88 root - INFO - Hypothesis cs_003: float64, float64 
[ 2023-01-25 22:22:12,148 ] 88 root - INFO - Hypothesis cs_004: float64, float64 
[ 2023-01-25 22:22:12,155 ] 88 root - INFO - Hypothesis cs_005: float64, float64 
[ 2023-01-25 22:22:12,162 ] 88 root - INFO - Hypothesis cs_006: float64, float64 
[ 2023-01-25 22:22:12,169 ] 88 root - INFO - Hypothesis cs_007: float64, float64 
[ 2023-01-25 22:22:12,176 ] 88 root - INFO - Hypothesis cs_008: float64, float64 
[ 2023-01-25 22:22:12,181 ] 88 root - INFO - Hypothesis cs_009: float64, float64 
[ 2023-01-25 22:22:12,196 ] 88 root - INFO - Hypothesis dd_000: float64, float64 
[ 2023-01-25 22:22:12,203 ] 88 root - INFO - Hypothesis de_000: float64, float64 
[ 2023-01-25 22:22:12,208 ] 88 root - INFO - Hypothesis df_000: float64, float64 
[ 2023-01-25 22:22:12,211 ] 88 root - INFO - Hypothesis dg_000: float64, float64 
[ 2023-01-25 22:22:12,215 ] 88 root - INFO - Hypothesis dh_000: float64, float64 
[ 2023-01-25 22:22:12,218 ] 88 root - INFO - Hypothesis di_000: float64, float64 
[ 2023-01-25 22:22:12,222 ] 88 root - INFO - Hypothesis dj_000: float64, float64 
[ 2023-01-25 22:22:12,238 ] 88 root - INFO - Hypothesis dk_000: float64, float64 
[ 2023-01-25 22:22:12,241 ] 88 root - INFO - Hypothesis dl_000: float64, float64 
[ 2023-01-25 22:22:12,257 ] 88 root - INFO - Hypothesis dm_000: float64, float64 
[ 2023-01-25 22:22:12,272 ] 88 root - INFO - Hypothesis dn_000: float64, float64 
[ 2023-01-25 22:22:12,279 ] 88 root - INFO - Hypothesis do_000: float64, float64 
[ 2023-01-25 22:22:12,285 ] 88 root - INFO - Hypothesis dp_000: float64, float64 
[ 2023-01-25 22:22:12,292 ] 88 root - INFO - Hypothesis dq_000: float64, float64 
[ 2023-01-25 22:22:12,296 ] 88 root - INFO - Hypothesis dr_000: float64, float64 
[ 2023-01-25 22:22:12,300 ] 88 root - INFO - Hypothesis ds_000: float64, float64 
[ 2023-01-25 22:22:12,307 ] 88 root - INFO - Hypothesis dt_000: float64, float64 
[ 2023-01-25 22:22:12,314 ] 88 root - INFO - Hypothesis du_000: float64, float64 
[ 2023-01-25 22:22:12,322 ] 88 root - INFO - Hypothesis dv_000: float64, float64 
[ 2023-01-25 22:22:12,329 ] 88 root - INFO - Hypothesis dx_000: float64, float64 
[ 2023-01-25 22:22:12,334 ] 88 root - INFO - Hypothesis dy_000: float64, float64 
[ 2023-01-25 22:22:12,339 ] 88 root - INFO - Hypothesis dz_000: float64, float64 
[ 2023-01-25 22:22:12,355 ] 88 root - INFO - Hypothesis ea_000: float64, float64 
[ 2023-01-25 22:22:12,371 ] 88 root - INFO - Hypothesis eb_000: float64, float64 
[ 2023-01-25 22:22:12,377 ] 88 root - INFO - Hypothesis ec_00: float64, float64 
[ 2023-01-25 22:22:12,383 ] 88 root - INFO - Hypothesis ed_000: float64, float64 
[ 2023-01-25 22:22:12,389 ] 88 root - INFO - Hypothesis ee_000: float64, float64 
[ 2023-01-25 22:22:12,396 ] 88 root - INFO - Hypothesis ee_001: float64, float64 
[ 2023-01-25 22:22:12,404 ] 88 root - INFO - Hypothesis ee_002: float64, float64 
[ 2023-01-25 22:22:12,411 ] 88 root - INFO - Hypothesis ee_003: float64, float64 
[ 2023-01-25 22:22:12,418 ] 88 root - INFO - Hypothesis ee_004: float64, float64 
[ 2023-01-25 22:22:12,425 ] 88 root - INFO - Hypothesis ee_005: float64, float64 
[ 2023-01-25 22:22:12,432 ] 88 root - INFO - Hypothesis ee_006: float64, float64 
[ 2023-01-25 22:22:12,439 ] 88 root - INFO - Hypothesis ee_007: float64, float64 
[ 2023-01-25 22:22:12,445 ] 88 root - INFO - Hypothesis ee_008: float64, float64 
[ 2023-01-25 22:22:12,451 ] 88 root - INFO - Hypothesis ee_009: float64, float64 
[ 2023-01-25 22:22:12,456 ] 88 root - INFO - Hypothesis ef_000: float64, float64 
[ 2023-01-25 22:22:12,471 ] 88 root - INFO - Hypothesis eg_000: float64, float64 
[ 2023-01-25 22:22:12,487 ] 147 root - INFO - Write reprt in yaml file
[ 2023-01-25 22:22:12,674 ] 152 root - INFO - Data validation artifact: DataValidationArtifact(report_file_path='/config/workspace/artifact/01252023__222143/data_validation/report.yaml')
[ 2023-01-25 22:22:12,676 ] 24 root - INFO - >>>>>>>>>>>>>>>>>>>>>>>>>>>>>>>>>>>>>>>> Data Transformation <<<<<<<<<<<<<<<<<<<<<<<<<<<<<<<<<<<<<<<<
[ 2023-01-25 22:22:13,610 ] 75 root - INFO - Before resampling in training set Input: (28950, 170) Target:(28950,)
[ 2023-01-25 22:22:18,676 ] 77 root - INFO - After resampling in training set Input: (56152, 170) Target:(56152,)
[ 2023-01-25 22:22:18,677 ] 79 root - INFO - Before resampling in testing set Input: (7238, 170) Target:(7238,)
[ 2023-01-25 22:22:19,271 ] 81 root - INFO - After resampling in testing set Input: (14072, 170) Target:(14072,)
[ 2023-01-25 22:22:19,379 ] 54 root - INFO - Entered the save_object method of utils
[ 2023-01-25 22:22:19,382 ] 58 root - INFO - Exited the save_object method of utils
[ 2023-01-25 22:22:19,382 ] 54 root - INFO - Entered the save_object method of utils
[ 2023-01-25 22:22:19,383 ] 58 root - INFO - Exited the save_object method of utils
[ 2023-01-25 22:22:19,383 ] 112 root - INFO - Data transformation object DataTransformationArtifact(transform_object_path='/config/workspace/artifact/01252023__222143/data_transformation/transformer/transformer.pkl', transformed_train_path='/config/workspace/artifact/01252023__222143/data_transformation/transformed/train.npz', transformed_test_path='/config/workspace/artifact/01252023__222143/data_transformation/transformed/test.npz', target_encoder_path='/config/workspace/artifact/01252023__222143/data_transformation/target_encoder/target_encoder.pkl')
[ 2023-01-25 22:22:19,384 ] 18 root - INFO - >>>>>>>>>>>>>>>>>>>>>>>>>>>>>>>>>>>>>>>> Model Trainer <<<<<<<<<<<<<<<<<<<<<<<<<<<<<<<<<<<<<<<<
[ 2023-01-25 22:22:19,384 ] 45 root - INFO - Loading train and test array.
[ 2023-01-25 22:22:19,414 ] 49 root - INFO - Splitting input and target feature from both train and test arr.
[ 2023-01-25 22:22:19,415 ] 53 root - INFO - Train the model
[ 2023-01-25 22:22:27,531 ] 56 root - INFO - Calculating f1 train score
[ 2023-01-25 22:22:27,582 ] 60 root - INFO - Calculating f1 test score
[ 2023-01-25 22:22:27,599 ] 64 root - INFO - train score:0.9999821908781678 and tests score 0.9694011365292147
[ 2023-01-25 22:22:27,600 ] 66 root - INFO - Checking if our model is underfitting or not
[ 2023-01-25 22:22:27,600 ] 71 root - INFO - Checking if our model is overfiiting or not
[ 2023-01-25 22:22:27,600 ] 78 root - INFO - Saving mode object
[ 2023-01-25 22:22:27,600 ] 54 root - INFO - Entered the save_object method of utils
[ 2023-01-25 22:22:27,604 ] 58 root - INFO - Exited the save_object method of utils
[ 2023-01-25 22:22:27,605 ] 82 root - INFO - Prepare the artifact
[ 2023-01-25 22:22:27,605 ] 85 root - INFO - Model trainer artifact: ModelTrainerArtifact(model_path='/config/workspace/artifact/01252023__222143/model_trainer/model/model.pkl', f1_train_score=0.9999821908781678, f1_test_score=0.9694011365292147)
[ 2023-01-25 22:22:27,606 ] 19 root - INFO - >>>>>>>>>>>>>>>>>>>>>>>>>>>>>>>>>>>>>>>>  Model Evaluation <<<<<<<<<<<<<<<<<<<<<<<<<<<<<<<<<<<<<<<<
[ 2023-01-25 22:22:27,607 ] 35 root - INFO - if saved model folder has model the we will compare which model is best trained or the model from saved model folder
[ 2023-01-25 22:22:27,607 ] 46 root - INFO - Finding location of transformer model and target encoder
[ 2023-01-25 22:22:27,607 ] 51 root - INFO - Previous trained objects of transformer, model and target encoder
[ 2023-01-25 22:22:27,612 ] 58 root - INFO - Currently trained model objects
[ 2023-01-25 22:22:27,770 ] 76 root - INFO - Accuracy using previous trained model: 0.8
[ 2023-01-25 22:22:27,805 ] 85 root - INFO - Accuracy using current trained model: 0.8
[ 2023-01-25 22:22:27,805 ] 87 root - INFO - Current trained model is not better than previous model
