[ 2023-01-25 20:12:52,991 ] 15 root - INFO - >>>>>>>>>>>>>>>>>>>>>>>>>>>>>>>>>>>>>>>> Data Ingestion <<<<<<<<<<<<<<<<<<<<<<<<<<<<<<<<<<<<<<<<
[ 2023-01-25 20:12:52,991 ] 22 root - INFO - Exporting collection data as pandas dataframe
[ 2023-01-25 20:12:52,991 ] 21 root - INFO - Reading data from database: aps and collection: sensor
[ 2023-01-25 20:13:01,183 ] 23 root - INFO - Found columns: Index(['_id', 'class', 'aa_000', 'ab_000', 'ac_000', 'ad_000', 'ae_000',
       'af_000', 'ag_000', 'ag_001',
       ...
       'ee_002', 'ee_003', 'ee_004', 'ee_005', 'ee_006', 'ee_007', 'ee_008',
       'ee_009', 'ef_000', 'eg_000'],
      dtype='object', length=172)
[ 2023-01-25 20:13:01,185 ] 25 root - INFO - Dropping column: _id 
[ 2023-01-25 20:13:01,905 ] 27 root - INFO - Row and columns in df: (36188, 171)
[ 2023-01-25 20:13:01,905 ] 27 root - INFO - replacing na values
[ 2023-01-25 20:13:03,229 ] 32 root - INFO - Save data in feature store
[ 2023-01-25 20:13:03,230 ] 34 root - INFO - Create feature store folder if not available
[ 2023-01-25 20:13:03,230 ] 39 root - INFO - Save df to feature store folder
[ 2023-01-25 20:13:07,999 ] 45 root - INFO - split dataset into train and test set
[ 2023-01-25 20:13:09,822 ] 49 root - INFO - create dataset directory folder if not available
[ 2023-01-25 20:13:09,823 ] 54 root - INFO - Save df to feature store folder
[ 2023-01-25 20:13:14,179 ] 69 root - INFO - Data ingestion artifact: DataIngestionArtifact(feature_store_file_path='/config/workspace/artifact/01252023__201252/data_ingestion/feature_store/sensor.csv', train_file_path='/config/workspace/artifact/01252023__201252/data_ingestion/dataset/train.csv', test_file_path='/config/workspace/artifact/01252023__201252/data_ingestion/dataset/test.csv')
[ 2023-01-25 20:13:15,383 ] 22 root - INFO - >>>>>>>>>>>>>>>>>>>>>>>>>>>>>>>>>>>>>>>> Data Validation <<<<<<<<<<<<<<<<<<<<<<<<<<<<<<<<<<<<<<<<
[ 2023-01-25 20:13:15,384 ] 110 root - INFO - Reading base dataframe
[ 2023-01-25 20:13:20,786 ] 113 root - INFO - Replace na value in base df
[ 2023-01-25 20:13:20,786 ] 115 root - INFO - Drop null values colums from base df
[ 2023-01-25 20:13:22,275 ] 44 root - INFO - selecting column name which contains null above to 0.2
[ 2023-01-25 20:13:22,276 ] 47 root - INFO - Columns to drop: ['ab_000', 'ad_000', 'bk_000', 'bl_000', 'bm_000', 'bn_000', 'bo_000', 'bp_000', 'bq_000', 'br_000', 'cf_000', 'cg_000', 'ch_000', 'co_000', 'cr_000', 'ct_000', 'cu_000', 'cv_000', 'cx_000', 'cy_000', 'cz_000', 'da_000', 'db_000', 'dc_000']
[ 2023-01-25 20:13:22,419 ] 118 root - INFO - Reading train dataframe
[ 2023-01-25 20:13:23,138 ] 120 root - INFO - Reading test dataframe
[ 2023-01-25 20:13:23,331 ] 123 root - INFO - Drop null values colums from train df
[ 2023-01-25 20:13:23,354 ] 44 root - INFO - selecting column name which contains null above to 0.2
[ 2023-01-25 20:13:23,355 ] 47 root - INFO - Columns to drop: ['ab_000', 'ad_000', 'bk_000', 'bl_000', 'bm_000', 'bn_000', 'bo_000', 'bp_000', 'bq_000', 'br_000', 'cf_000', 'cg_000', 'ch_000', 'co_000', 'cr_000', 'ct_000', 'cu_000', 'cv_000', 'cx_000', 'cy_000', 'cz_000', 'da_000', 'db_000', 'dc_000']
[ 2023-01-25 20:13:23,375 ] 125 root - INFO - Drop null values colums from test df
[ 2023-01-25 20:13:23,382 ] 44 root - INFO - selecting column name which contains null above to 0.2
[ 2023-01-25 20:13:23,383 ] 47 root - INFO - Columns to drop: ['ab_000', 'ad_000', 'bk_000', 'bl_000', 'bm_000', 'bn_000', 'bo_000', 'bp_000', 'bq_000', 'br_000', 'cf_000', 'cg_000', 'ch_000', 'co_000', 'cr_000', 'ct_000', 'cu_000', 'cv_000', 'cx_000', 'cy_000', 'cz_000', 'da_000', 'db_000', 'dc_000']
[ 2023-01-25 20:13:34,566 ] 134 root - INFO - Is all required columns present in train df
[ 2023-01-25 20:13:34,567 ] 136 root - INFO - Is all required columns present in test df
[ 2023-01-25 20:13:34,567 ] 140 root - INFO - As all column are available in train df hence detecting data drift
[ 2023-01-25 20:13:34,567 ] 88 root - INFO - Hypothesis class: object, object 
[ 2023-01-25 20:13:34,760 ] 88 root - INFO - Hypothesis aa_000: float64, float64 
[ 2023-01-25 20:13:34,775 ] 88 root - INFO - Hypothesis ac_000: float64, float64 
[ 2023-01-25 20:13:34,830 ] 88 root - INFO - Hypothesis ae_000: float64, float64 
[ 2023-01-25 20:13:34,880 ] 88 root - INFO - Hypothesis af_000: float64, float64 
[ 2023-01-25 20:13:34,930 ] 88 root - INFO - Hypothesis ag_000: float64, float64 
[ 2023-01-25 20:13:34,979 ] 88 root - INFO - Hypothesis ag_001: float64, float64 
[ 2023-01-25 20:13:35,027 ] 88 root - INFO - Hypothesis ag_002: float64, float64 
[ 2023-01-25 20:13:35,078 ] 88 root - INFO - Hypothesis ag_003: float64, float64 
[ 2023-01-25 20:13:35,088 ] 88 root - INFO - Hypothesis ag_004: float64, float64 
[ 2023-01-25 20:13:35,102 ] 88 root - INFO - Hypothesis ag_005: float64, float64 
[ 2023-01-25 20:13:35,117 ] 88 root - INFO - Hypothesis ag_006: float64, float64 
[ 2023-01-25 20:13:35,132 ] 88 root - INFO - Hypothesis ag_007: float64, float64 
[ 2023-01-25 20:13:35,145 ] 88 root - INFO - Hypothesis ag_008: float64, float64 
[ 2023-01-25 20:13:35,158 ] 88 root - INFO - Hypothesis ag_009: float64, float64 
[ 2023-01-25 20:13:35,169 ] 88 root - INFO - Hypothesis ah_000: float64, float64 
[ 2023-01-25 20:13:35,184 ] 88 root - INFO - Hypothesis ai_000: float64, float64 
[ 2023-01-25 20:13:35,234 ] 88 root - INFO - Hypothesis aj_000: float64, float64 
[ 2023-01-25 20:13:35,243 ] 88 root - INFO - Hypothesis ak_000: float64, float64 
[ 2023-01-25 20:13:35,295 ] 88 root - INFO - Hypothesis al_000: float64, float64 
[ 2023-01-25 20:13:35,307 ] 88 root - INFO - Hypothesis am_0: float64, float64 
[ 2023-01-25 20:13:35,318 ] 88 root - INFO - Hypothesis an_000: float64, float64 
[ 2023-01-25 20:13:35,333 ] 88 root - INFO - Hypothesis ao_000: float64, float64 
[ 2023-01-25 20:13:35,348 ] 88 root - INFO - Hypothesis ap_000: float64, float64 
[ 2023-01-25 20:13:35,363 ] 88 root - INFO - Hypothesis aq_000: float64, float64 
[ 2023-01-25 20:13:35,377 ] 88 root - INFO - Hypothesis ar_000: float64, float64 
[ 2023-01-25 20:13:35,427 ] 88 root - INFO - Hypothesis as_000: float64, float64 
[ 2023-01-25 20:13:35,475 ] 88 root - INFO - Hypothesis at_000: float64, float64 
[ 2023-01-25 20:13:35,526 ] 88 root - INFO - Hypothesis au_000: float64, float64 
[ 2023-01-25 20:13:35,575 ] 88 root - INFO - Hypothesis av_000: float64, float64 
[ 2023-01-25 20:13:35,588 ] 88 root - INFO - Hypothesis ax_000: float64, float64 
[ 2023-01-25 20:13:35,600 ] 88 root - INFO - Hypothesis ay_000: float64, float64 
[ 2023-01-25 20:13:35,649 ] 88 root - INFO - Hypothesis ay_001: float64, float64 
[ 2023-01-25 20:13:35,698 ] 88 root - INFO - Hypothesis ay_002: float64, float64 
[ 2023-01-25 20:13:35,748 ] 88 root - INFO - Hypothesis ay_003: float64, float64 
[ 2023-01-25 20:13:35,798 ] 88 root - INFO - Hypothesis ay_004: float64, float64 
[ 2023-01-25 20:13:35,846 ] 88 root - INFO - Hypothesis ay_005: float64, float64 
[ 2023-01-25 20:13:35,901 ] 88 root - INFO - Hypothesis ay_006: float64, float64 
[ 2023-01-25 20:13:35,914 ] 88 root - INFO - Hypothesis ay_007: float64, float64 
[ 2023-01-25 20:13:35,929 ] 88 root - INFO - Hypothesis ay_008: float64, float64 
[ 2023-01-25 20:13:35,943 ] 88 root - INFO - Hypothesis ay_009: float64, float64 
[ 2023-01-25 20:13:36,001 ] 88 root - INFO - Hypothesis az_000: float64, float64 
[ 2023-01-25 20:13:36,016 ] 88 root - INFO - Hypothesis az_001: float64, float64 
[ 2023-01-25 20:13:36,030 ] 88 root - INFO - Hypothesis az_002: float64, float64 
[ 2023-01-25 20:13:36,044 ] 88 root - INFO - Hypothesis az_003: float64, float64 
[ 2023-01-25 20:13:36,059 ] 88 root - INFO - Hypothesis az_004: float64, float64 
[ 2023-01-25 20:13:36,073 ] 88 root - INFO - Hypothesis az_005: float64, float64 
[ 2023-01-25 20:13:36,088 ] 88 root - INFO - Hypothesis az_006: float64, float64 
[ 2023-01-25 20:13:36,146 ] 88 root - INFO - Hypothesis az_007: float64, float64 
[ 2023-01-25 20:13:36,197 ] 88 root - INFO - Hypothesis az_008: float64, float64 
[ 2023-01-25 20:13:36,249 ] 88 root - INFO - Hypothesis az_009: float64, float64 
[ 2023-01-25 20:13:36,297 ] 88 root - INFO - Hypothesis ba_000: float64, float64 
[ 2023-01-25 20:13:36,311 ] 88 root - INFO - Hypothesis ba_001: float64, float64 
[ 2023-01-25 20:13:36,326 ] 88 root - INFO - Hypothesis ba_002: float64, float64 
[ 2023-01-25 20:13:36,341 ] 88 root - INFO - Hypothesis ba_003: float64, float64 
[ 2023-01-25 20:13:36,356 ] 88 root - INFO - Hypothesis ba_004: float64, float64 
[ 2023-01-25 20:13:36,370 ] 88 root - INFO - Hypothesis ba_005: float64, float64 
[ 2023-01-25 20:13:36,385 ] 88 root - INFO - Hypothesis ba_006: float64, float64 
[ 2023-01-25 20:13:36,399 ] 88 root - INFO - Hypothesis ba_007: float64, float64 
[ 2023-01-25 20:13:36,413 ] 88 root - INFO - Hypothesis ba_008: float64, float64 
[ 2023-01-25 20:13:36,469 ] 88 root - INFO - Hypothesis ba_009: float64, float64 
[ 2023-01-25 20:13:36,521 ] 88 root - INFO - Hypothesis bb_000: float64, float64 
[ 2023-01-25 20:13:36,536 ] 88 root - INFO - Hypothesis bc_000: float64, float64 
[ 2023-01-25 20:13:36,590 ] 88 root - INFO - Hypothesis bd_000: float64, float64 
[ 2023-01-25 20:13:36,603 ] 88 root - INFO - Hypothesis be_000: float64, float64 
[ 2023-01-25 20:13:36,616 ] 88 root - INFO - Hypothesis bf_000: float64, float64 
[ 2023-01-25 20:13:36,627 ] 88 root - INFO - Hypothesis bg_000: float64, float64 
[ 2023-01-25 20:13:36,641 ] 88 root - INFO - Hypothesis bh_000: float64, float64 
[ 2023-01-25 20:13:36,656 ] 88 root - INFO - Hypothesis bi_000: float64, float64 
[ 2023-01-25 20:13:36,671 ] 88 root - INFO - Hypothesis bj_000: float64, float64 
[ 2023-01-25 20:13:36,686 ] 88 root - INFO - Hypothesis bs_000: float64, float64 
[ 2023-01-25 20:13:36,703 ] 88 root - INFO - Hypothesis bt_000: float64, float64 
[ 2023-01-25 20:13:36,718 ] 88 root - INFO - Hypothesis bu_000: float64, float64 
[ 2023-01-25 20:13:36,732 ] 88 root - INFO - Hypothesis bv_000: float64, float64 
[ 2023-01-25 20:13:36,747 ] 88 root - INFO - Hypothesis bx_000: float64, float64 
[ 2023-01-25 20:13:36,761 ] 88 root - INFO - Hypothesis by_000: float64, float64 
[ 2023-01-25 20:13:36,776 ] 88 root - INFO - Hypothesis bz_000: float64, float64 
[ 2023-01-25 20:13:36,789 ] 88 root - INFO - Hypothesis ca_000: float64, float64 
[ 2023-01-25 20:13:36,804 ] 88 root - INFO - Hypothesis cb_000: float64, float64 
[ 2023-01-25 20:13:36,819 ] 88 root - INFO - Hypothesis cc_000: float64, float64 
[ 2023-01-25 20:13:36,834 ] 88 root - INFO - Hypothesis cd_000: float64, float64 
[ 2023-01-25 20:13:36,886 ] 88 root - INFO - Hypothesis ce_000: float64, float64 
[ 2023-01-25 20:13:36,899 ] 88 root - INFO - Hypothesis ci_000: float64, float64 
[ 2023-01-25 20:13:36,914 ] 88 root - INFO - Hypothesis cj_000: float64, float64 
[ 2023-01-25 20:13:36,967 ] 88 root - INFO - Hypothesis ck_000: float64, float64 
[ 2023-01-25 20:13:36,982 ] 88 root - INFO - Hypothesis cl_000: float64, float64 
[ 2023-01-25 20:13:36,992 ] 88 root - INFO - Hypothesis cm_000: float64, float64 
[ 2023-01-25 20:13:37,003 ] 88 root - INFO - Hypothesis cn_000: float64, float64 
[ 2023-01-25 20:13:37,053 ] 88 root - INFO - Hypothesis cn_001: float64, float64 
[ 2023-01-25 20:13:37,107 ] 88 root - INFO - Hypothesis cn_002: float64, float64 
[ 2023-01-25 20:13:37,119 ] 88 root - INFO - Hypothesis cn_003: float64, float64 
[ 2023-01-25 20:13:37,133 ] 88 root - INFO - Hypothesis cn_004: float64, float64 
[ 2023-01-25 20:13:37,148 ] 88 root - INFO - Hypothesis cn_005: float64, float64 
[ 2023-01-25 20:13:37,163 ] 88 root - INFO - Hypothesis cn_006: float64, float64 
[ 2023-01-25 20:13:37,177 ] 88 root - INFO - Hypothesis cn_007: float64, float64 
[ 2023-01-25 20:13:37,191 ] 88 root - INFO - Hypothesis cn_008: float64, float64 
[ 2023-01-25 20:13:37,204 ] 88 root - INFO - Hypothesis cn_009: float64, float64 
[ 2023-01-25 20:13:37,258 ] 88 root - INFO - Hypothesis cp_000: float64, float64 
[ 2023-01-25 20:13:37,313 ] 88 root - INFO - Hypothesis cq_000: float64, float64 
[ 2023-01-25 20:13:37,328 ] 88 root - INFO - Hypothesis cs_000: float64, float64 
[ 2023-01-25 20:13:37,342 ] 88 root - INFO - Hypothesis cs_001: float64, float64 
[ 2023-01-25 20:13:37,355 ] 88 root - INFO - Hypothesis cs_002: float64, float64 
[ 2023-01-25 20:13:37,370 ] 88 root - INFO - Hypothesis cs_003: float64, float64 
[ 2023-01-25 20:13:37,384 ] 88 root - INFO - Hypothesis cs_004: float64, float64 
[ 2023-01-25 20:13:37,399 ] 88 root - INFO - Hypothesis cs_005: float64, float64 
[ 2023-01-25 20:13:37,415 ] 88 root - INFO - Hypothesis cs_006: float64, float64 
[ 2023-01-25 20:13:37,430 ] 88 root - INFO - Hypothesis cs_007: float64, float64 
[ 2023-01-25 20:13:37,444 ] 88 root - INFO - Hypothesis cs_008: float64, float64 
[ 2023-01-25 20:13:37,498 ] 88 root - INFO - Hypothesis cs_009: float64, float64 
[ 2023-01-25 20:13:37,549 ] 88 root - INFO - Hypothesis dd_000: float64, float64 
[ 2023-01-25 20:13:37,563 ] 88 root - INFO - Hypothesis de_000: float64, float64 
[ 2023-01-25 20:13:37,576 ] 88 root - INFO - Hypothesis df_000: float64, float64 
[ 2023-01-25 20:13:37,626 ] 88 root - INFO - Hypothesis dg_000: float64, float64 
[ 2023-01-25 20:13:37,677 ] 88 root - INFO - Hypothesis dh_000: float64, float64 
[ 2023-01-25 20:13:37,687 ] 88 root - INFO - Hypothesis di_000: float64, float64 
[ 2023-01-25 20:13:37,739 ] 88 root - INFO - Hypothesis dj_000: float64, float64 
[ 2023-01-25 20:13:37,790 ] 88 root - INFO - Hypothesis dk_000: float64, float64 
[ 2023-01-25 20:13:37,842 ] 88 root - INFO - Hypothesis dl_000: float64, float64 
[ 2023-01-25 20:13:37,893 ] 88 root - INFO - Hypothesis dm_000: float64, float64 
[ 2023-01-25 20:13:37,945 ] 88 root - INFO - Hypothesis dn_000: float64, float64 
[ 2023-01-25 20:13:37,959 ] 88 root - INFO - Hypothesis do_000: float64, float64 
[ 2023-01-25 20:13:37,973 ] 88 root - INFO - Hypothesis dp_000: float64, float64 
[ 2023-01-25 20:13:37,987 ] 88 root - INFO - Hypothesis dq_000: float64, float64 
[ 2023-01-25 20:13:38,040 ] 88 root - INFO - Hypothesis dr_000: float64, float64 
[ 2023-01-25 20:13:38,094 ] 88 root - INFO - Hypothesis ds_000: float64, float64 
[ 2023-01-25 20:13:38,109 ] 88 root - INFO - Hypothesis dt_000: float64, float64 
[ 2023-01-25 20:13:38,123 ] 88 root - INFO - Hypothesis du_000: float64, float64 
[ 2023-01-25 20:13:38,138 ] 88 root - INFO - Hypothesis dv_000: float64, float64 
[ 2023-01-25 20:13:38,152 ] 88 root - INFO - Hypothesis dx_000: float64, float64 
[ 2023-01-25 20:13:38,205 ] 88 root - INFO - Hypothesis dy_000: float64, float64 
[ 2023-01-25 20:13:38,257 ] 88 root - INFO - Hypothesis dz_000: float64, float64 
[ 2023-01-25 20:13:38,306 ] 88 root - INFO - Hypothesis ea_000: float64, float64 
[ 2023-01-25 20:13:38,357 ] 88 root - INFO - Hypothesis eb_000: float64, float64 
[ 2023-01-25 20:13:38,370 ] 88 root - INFO - Hypothesis ec_00: float64, float64 
[ 2023-01-25 20:13:38,384 ] 88 root - INFO - Hypothesis ed_000: float64, float64 
[ 2023-01-25 20:13:38,397 ] 88 root - INFO - Hypothesis ee_000: float64, float64 
[ 2023-01-25 20:13:38,412 ] 88 root - INFO - Hypothesis ee_001: float64, float64 
[ 2023-01-25 20:13:38,427 ] 88 root - INFO - Hypothesis ee_002: float64, float64 
[ 2023-01-25 20:13:38,441 ] 88 root - INFO - Hypothesis ee_003: float64, float64 
[ 2023-01-25 20:13:38,456 ] 88 root - INFO - Hypothesis ee_004: float64, float64 
[ 2023-01-25 20:13:38,470 ] 88 root - INFO - Hypothesis ee_005: float64, float64 
[ 2023-01-25 20:13:38,484 ] 88 root - INFO - Hypothesis ee_006: float64, float64 
[ 2023-01-25 20:13:38,498 ] 88 root - INFO - Hypothesis ee_007: float64, float64 
[ 2023-01-25 20:13:38,512 ] 88 root - INFO - Hypothesis ee_008: float64, float64 
[ 2023-01-25 20:13:38,526 ] 88 root - INFO - Hypothesis ee_009: float64, float64 
[ 2023-01-25 20:13:38,537 ] 88 root - INFO - Hypothesis ef_000: float64, float64 
[ 2023-01-25 20:13:38,589 ] 88 root - INFO - Hypothesis eg_000: float64, float64 
[ 2023-01-25 20:13:38,637 ] 143 root - INFO - As all column are available in test df hence detecting data drift
[ 2023-01-25 20:13:38,638 ] 88 root - INFO - Hypothesis class: object, object 
[ 2023-01-25 20:13:38,747 ] 88 root - INFO - Hypothesis aa_000: float64, float64 
[ 2023-01-25 20:13:38,757 ] 88 root - INFO - Hypothesis ac_000: float64, float64 
[ 2023-01-25 20:13:38,766 ] 88 root - INFO - Hypothesis ae_000: float64, float64 
[ 2023-01-25 20:13:38,788 ] 88 root - INFO - Hypothesis af_000: float64, float64 
[ 2023-01-25 20:13:38,810 ] 88 root - INFO - Hypothesis ag_000: float64, float64 
[ 2023-01-25 20:13:38,832 ] 88 root - INFO - Hypothesis ag_001: float64, float64 
[ 2023-01-25 20:13:38,854 ] 88 root - INFO - Hypothesis ag_002: float64, float64 
[ 2023-01-25 20:13:38,859 ] 88 root - INFO - Hypothesis ag_003: float64, float64 
[ 2023-01-25 20:13:38,866 ] 88 root - INFO - Hypothesis ag_004: float64, float64 
[ 2023-01-25 20:13:38,876 ] 88 root - INFO - Hypothesis ag_005: float64, float64 
[ 2023-01-25 20:13:38,887 ] 88 root - INFO - Hypothesis ag_006: float64, float64 
[ 2023-01-25 20:13:38,897 ] 88 root - INFO - Hypothesis ag_007: float64, float64 
[ 2023-01-25 20:13:38,906 ] 88 root - INFO - Hypothesis ag_008: float64, float64 
[ 2023-01-25 20:13:38,915 ] 88 root - INFO - Hypothesis ag_009: float64, float64 
[ 2023-01-25 20:13:38,931 ] 88 root - INFO - Hypothesis ah_000: float64, float64 
[ 2023-01-25 20:13:38,942 ] 88 root - INFO - Hypothesis ai_000: float64, float64 
[ 2023-01-25 20:13:38,948 ] 88 root - INFO - Hypothesis aj_000: float64, float64 
[ 2023-01-25 20:13:38,955 ] 88 root - INFO - Hypothesis ak_000: float64, float64 
[ 2023-01-25 20:13:38,961 ] 88 root - INFO - Hypothesis al_000: float64, float64 
[ 2023-01-25 20:13:38,970 ] 88 root - INFO - Hypothesis am_0: float64, float64 
[ 2023-01-25 20:13:38,978 ] 88 root - INFO - Hypothesis an_000: float64, float64 
[ 2023-01-25 20:13:38,988 ] 88 root - INFO - Hypothesis ao_000: float64, float64 
[ 2023-01-25 20:13:38,999 ] 88 root - INFO - Hypothesis ap_000: float64, float64 
[ 2023-01-25 20:13:39,009 ] 88 root - INFO - Hypothesis aq_000: float64, float64 
[ 2023-01-25 20:13:39,019 ] 88 root - INFO - Hypothesis ar_000: float64, float64 
[ 2023-01-25 20:13:39,043 ] 88 root - INFO - Hypothesis as_000: float64, float64 
[ 2023-01-25 20:13:39,065 ] 88 root - INFO - Hypothesis at_000: float64, float64 
[ 2023-01-25 20:13:39,088 ] 88 root - INFO - Hypothesis au_000: float64, float64 
[ 2023-01-25 20:13:39,110 ] 88 root - INFO - Hypothesis av_000: float64, float64 
[ 2023-01-25 20:13:39,119 ] 88 root - INFO - Hypothesis ax_000: float64, float64 
[ 2023-01-25 20:13:39,128 ] 88 root - INFO - Hypothesis ay_000: float64, float64 
[ 2023-01-25 20:13:39,150 ] 88 root - INFO - Hypothesis ay_001: float64, float64 
[ 2023-01-25 20:13:39,172 ] 88 root - INFO - Hypothesis ay_002: float64, float64 
[ 2023-01-25 20:13:39,194 ] 88 root - INFO - Hypothesis ay_003: float64, float64 
[ 2023-01-25 20:13:39,216 ] 88 root - INFO - Hypothesis ay_004: float64, float64 
[ 2023-01-25 20:13:39,239 ] 88 root - INFO - Hypothesis ay_005: float64, float64 
[ 2023-01-25 20:13:39,247 ] 88 root - INFO - Hypothesis ay_006: float64, float64 
[ 2023-01-25 20:13:39,257 ] 88 root - INFO - Hypothesis ay_007: float64, float64 
[ 2023-01-25 20:13:39,267 ] 88 root - INFO - Hypothesis ay_008: float64, float64 
[ 2023-01-25 20:13:39,277 ] 88 root - INFO - Hypothesis ay_009: float64, float64 
[ 2023-01-25 20:13:39,299 ] 88 root - INFO - Hypothesis az_000: float64, float64 
[ 2023-01-25 20:13:39,309 ] 88 root - INFO - Hypothesis az_001: float64, float64 
[ 2023-01-25 20:13:39,319 ] 88 root - INFO - Hypothesis az_002: float64, float64 
[ 2023-01-25 20:13:39,328 ] 88 root - INFO - Hypothesis az_003: float64, float64 
[ 2023-01-25 20:13:39,339 ] 88 root - INFO - Hypothesis az_004: float64, float64 
[ 2023-01-25 20:13:39,349 ] 88 root - INFO - Hypothesis az_005: float64, float64 
[ 2023-01-25 20:13:39,359 ] 88 root - INFO - Hypothesis az_006: float64, float64 
[ 2023-01-25 20:13:39,368 ] 88 root - INFO - Hypothesis az_007: float64, float64 
[ 2023-01-25 20:13:39,375 ] 88 root - INFO - Hypothesis az_008: float64, float64 
[ 2023-01-25 20:13:39,399 ] 88 root - INFO - Hypothesis az_009: float64, float64 
[ 2023-01-25 20:13:39,421 ] 88 root - INFO - Hypothesis ba_000: float64, float64 
[ 2023-01-25 20:13:39,432 ] 88 root - INFO - Hypothesis ba_001: float64, float64 
[ 2023-01-25 20:13:39,442 ] 88 root - INFO - Hypothesis ba_002: float64, float64 
[ 2023-01-25 20:13:39,452 ] 88 root - INFO - Hypothesis ba_003: float64, float64 
[ 2023-01-25 20:13:39,463 ] 88 root - INFO - Hypothesis ba_004: float64, float64 
[ 2023-01-25 20:13:39,473 ] 88 root - INFO - Hypothesis ba_005: float64, float64 
[ 2023-01-25 20:13:39,483 ] 88 root - INFO - Hypothesis ba_006: float64, float64 
[ 2023-01-25 20:13:39,493 ] 88 root - INFO - Hypothesis ba_007: float64, float64 
[ 2023-01-25 20:13:39,503 ] 88 root - INFO - Hypothesis ba_008: float64, float64 
[ 2023-01-25 20:13:39,511 ] 88 root - INFO - Hypothesis ba_009: float64, float64 
[ 2023-01-25 20:13:39,519 ] 88 root - INFO - Hypothesis bb_000: float64, float64 
[ 2023-01-25 20:13:39,529 ] 88 root - INFO - Hypothesis bc_000: float64, float64 
[ 2023-01-25 20:13:39,538 ] 88 root - INFO - Hypothesis bd_000: float64, float64 
[ 2023-01-25 20:13:39,547 ] 88 root - INFO - Hypothesis be_000: float64, float64 
[ 2023-01-25 20:13:39,556 ] 88 root - INFO - Hypothesis bf_000: float64, float64 
[ 2023-01-25 20:13:39,564 ] 88 root - INFO - Hypothesis bg_000: float64, float64 
[ 2023-01-25 20:13:39,574 ] 88 root - INFO - Hypothesis bh_000: float64, float64 
[ 2023-01-25 20:13:39,585 ] 88 root - INFO - Hypothesis bi_000: float64, float64 
[ 2023-01-25 20:13:39,595 ] 88 root - INFO - Hypothesis bj_000: float64, float64 
[ 2023-01-25 20:13:39,606 ] 88 root - INFO - Hypothesis bs_000: float64, float64 
[ 2023-01-25 20:13:39,617 ] 88 root - INFO - Hypothesis bt_000: float64, float64 
[ 2023-01-25 20:13:39,627 ] 88 root - INFO - Hypothesis bu_000: float64, float64 
[ 2023-01-25 20:13:39,637 ] 88 root - INFO - Hypothesis bv_000: float64, float64 
[ 2023-01-25 20:13:39,647 ] 88 root - INFO - Hypothesis bx_000: float64, float64 
[ 2023-01-25 20:13:39,658 ] 88 root - INFO - Hypothesis by_000: float64, float64 
[ 2023-01-25 20:13:39,668 ] 88 root - INFO - Hypothesis bz_000: float64, float64 
[ 2023-01-25 20:13:39,677 ] 88 root - INFO - Hypothesis ca_000: float64, float64 
[ 2023-01-25 20:13:39,687 ] 88 root - INFO - Hypothesis cb_000: float64, float64 
[ 2023-01-25 20:13:39,698 ] 88 root - INFO - Hypothesis cc_000: float64, float64 
[ 2023-01-25 20:13:39,708 ] 88 root - INFO - Hypothesis cd_000: float64, float64 
[ 2023-01-25 20:13:39,730 ] 88 root - INFO - Hypothesis ce_000: float64, float64 
[ 2023-01-25 20:13:39,740 ] 88 root - INFO - Hypothesis ci_000: float64, float64 
[ 2023-01-25 20:13:39,750 ] 88 root - INFO - Hypothesis cj_000: float64, float64 
[ 2023-01-25 20:13:39,757 ] 88 root - INFO - Hypothesis ck_000: float64, float64 
[ 2023-01-25 20:13:39,768 ] 88 root - INFO - Hypothesis cl_000: float64, float64 
[ 2023-01-25 20:13:39,775 ] 88 root - INFO - Hypothesis cm_000: float64, float64 
[ 2023-01-25 20:13:39,783 ] 88 root - INFO - Hypothesis cn_000: float64, float64 
[ 2023-01-25 20:13:39,805 ] 88 root - INFO - Hypothesis cn_001: float64, float64 
[ 2023-01-25 20:13:39,812 ] 88 root - INFO - Hypothesis cn_002: float64, float64 
[ 2023-01-25 20:13:39,820 ] 88 root - INFO - Hypothesis cn_003: float64, float64 
[ 2023-01-25 20:13:39,830 ] 88 root - INFO - Hypothesis cn_004: float64, float64 
[ 2023-01-25 20:13:39,841 ] 88 root - INFO - Hypothesis cn_005: float64, float64 
[ 2023-01-25 20:13:39,851 ] 88 root - INFO - Hypothesis cn_006: float64, float64 
[ 2023-01-25 20:13:39,861 ] 88 root - INFO - Hypothesis cn_007: float64, float64 
[ 2023-01-25 20:13:39,871 ] 88 root - INFO - Hypothesis cn_008: float64, float64 
[ 2023-01-25 20:13:39,880 ] 88 root - INFO - Hypothesis cn_009: float64, float64 
[ 2023-01-25 20:13:39,888 ] 88 root - INFO - Hypothesis cp_000: float64, float64 
[ 2023-01-25 20:13:39,897 ] 88 root - INFO - Hypothesis cq_000: float64, float64 
[ 2023-01-25 20:13:39,907 ] 88 root - INFO - Hypothesis cs_000: float64, float64 
[ 2023-01-25 20:13:39,917 ] 88 root - INFO - Hypothesis cs_001: float64, float64 
[ 2023-01-25 20:13:39,926 ] 88 root - INFO - Hypothesis cs_002: float64, float64 
[ 2023-01-25 20:13:39,936 ] 88 root - INFO - Hypothesis cs_003: float64, float64 
[ 2023-01-25 20:13:39,946 ] 88 root - INFO - Hypothesis cs_004: float64, float64 
[ 2023-01-25 20:13:39,957 ] 88 root - INFO - Hypothesis cs_005: float64, float64 
[ 2023-01-25 20:13:39,967 ] 88 root - INFO - Hypothesis cs_006: float64, float64 
[ 2023-01-25 20:13:39,977 ] 88 root - INFO - Hypothesis cs_007: float64, float64 
[ 2023-01-25 20:13:39,988 ] 88 root - INFO - Hypothesis cs_008: float64, float64 
[ 2023-01-25 20:13:39,996 ] 88 root - INFO - Hypothesis cs_009: float64, float64 
[ 2023-01-25 20:13:40,018 ] 88 root - INFO - Hypothesis dd_000: float64, float64 
[ 2023-01-25 20:13:40,028 ] 88 root - INFO - Hypothesis de_000: float64, float64 
[ 2023-01-25 20:13:40,037 ] 88 root - INFO - Hypothesis df_000: float64, float64 
[ 2023-01-25 20:13:40,043 ] 88 root - INFO - Hypothesis dg_000: float64, float64 
[ 2023-01-25 20:13:40,049 ] 88 root - INFO - Hypothesis dh_000: float64, float64 
[ 2023-01-25 20:13:40,056 ] 88 root - INFO - Hypothesis di_000: float64, float64 
[ 2023-01-25 20:13:40,063 ] 88 root - INFO - Hypothesis dj_000: float64, float64 
[ 2023-01-25 20:13:40,086 ] 88 root - INFO - Hypothesis dk_000: float64, float64 
[ 2023-01-25 20:13:40,093 ] 88 root - INFO - Hypothesis dl_000: float64, float64 
[ 2023-01-25 20:13:40,116 ] 88 root - INFO - Hypothesis dm_000: float64, float64 
[ 2023-01-25 20:13:40,138 ] 88 root - INFO - Hypothesis dn_000: float64, float64 
[ 2023-01-25 20:13:40,149 ] 88 root - INFO - Hypothesis do_000: float64, float64 
[ 2023-01-25 20:13:40,158 ] 88 root - INFO - Hypothesis dp_000: float64, float64 
[ 2023-01-25 20:13:40,168 ] 88 root - INFO - Hypothesis dq_000: float64, float64 
[ 2023-01-25 20:13:40,175 ] 88 root - INFO - Hypothesis dr_000: float64, float64 
[ 2023-01-25 20:13:40,183 ] 88 root - INFO - Hypothesis ds_000: float64, float64 
[ 2023-01-25 20:13:40,193 ] 88 root - INFO - Hypothesis dt_000: float64, float64 
[ 2023-01-25 20:13:40,203 ] 88 root - INFO - Hypothesis du_000: float64, float64 
[ 2023-01-25 20:13:40,213 ] 88 root - INFO - Hypothesis dv_000: float64, float64 
[ 2023-01-25 20:13:40,223 ] 88 root - INFO - Hypothesis dx_000: float64, float64 
[ 2023-01-25 20:13:40,231 ] 88 root - INFO - Hypothesis dy_000: float64, float64 
[ 2023-01-25 20:13:40,238 ] 88 root - INFO - Hypothesis dz_000: float64, float64 
[ 2023-01-25 20:13:40,261 ] 88 root - INFO - Hypothesis ea_000: float64, float64 
[ 2023-01-25 20:13:40,284 ] 88 root - INFO - Hypothesis eb_000: float64, float64 
[ 2023-01-25 20:13:40,293 ] 88 root - INFO - Hypothesis ec_00: float64, float64 
[ 2023-01-25 20:13:40,303 ] 88 root - INFO - Hypothesis ed_000: float64, float64 
[ 2023-01-25 20:13:40,312 ] 88 root - INFO - Hypothesis ee_000: float64, float64 
[ 2023-01-25 20:13:40,322 ] 88 root - INFO - Hypothesis ee_001: float64, float64 
[ 2023-01-25 20:13:40,333 ] 88 root - INFO - Hypothesis ee_002: float64, float64 
[ 2023-01-25 20:13:40,343 ] 88 root - INFO - Hypothesis ee_003: float64, float64 
[ 2023-01-25 20:13:40,353 ] 88 root - INFO - Hypothesis ee_004: float64, float64 
[ 2023-01-25 20:13:40,364 ] 88 root - INFO - Hypothesis ee_005: float64, float64 
[ 2023-01-25 20:13:40,374 ] 88 root - INFO - Hypothesis ee_006: float64, float64 
[ 2023-01-25 20:13:40,384 ] 88 root - INFO - Hypothesis ee_007: float64, float64 
[ 2023-01-25 20:13:40,394 ] 88 root - INFO - Hypothesis ee_008: float64, float64 
[ 2023-01-25 20:13:40,403 ] 88 root - INFO - Hypothesis ee_009: float64, float64 
[ 2023-01-25 20:13:40,412 ] 88 root - INFO - Hypothesis ef_000: float64, float64 
[ 2023-01-25 20:13:40,434 ] 88 root - INFO - Hypothesis eg_000: float64, float64 
[ 2023-01-25 20:13:40,456 ] 147 root - INFO - Write reprt in yaml file
[ 2023-01-25 20:13:40,773 ] 152 root - INFO - Data validation artifact: DataValidationArtifact(report_file_path='/config/workspace/artifact/01252023__201252/data_validation/report.yaml')
[ 2023-01-25 20:13:40,779 ] 24 root - INFO - >>>>>>>>>>>>>>>>>>>>>>>>>>>>>>>>>>>>>>>> Data Transformation <<<<<<<<<<<<<<<<<<<<<<<<<<<<<<<<<<<<<<<<
[ 2023-01-25 20:13:42,378 ] 75 root - INFO - Before resampling in training set Input: (28950, 170) Target:(28950,)
[ 2023-01-25 20:14:22,627 ] 77 root - INFO - After resampling in training set Input: (56152, 170) Target:(56152,)
[ 2023-01-25 20:14:22,627 ] 79 root - INFO - Before resampling in testing set Input: (7238, 170) Target:(7238,)
[ 2023-01-25 20:14:31,486 ] 81 root - INFO - After resampling in testing set Input: (14072, 170) Target:(14072,)
[ 2023-01-25 20:14:31,712 ] 54 root - INFO - Entered the save_object method of utils
[ 2023-01-25 20:14:31,718 ] 58 root - INFO - Exited the save_object method of utils
[ 2023-01-25 20:14:31,718 ] 54 root - INFO - Entered the save_object method of utils
[ 2023-01-25 20:14:31,719 ] 58 root - INFO - Exited the save_object method of utils
[ 2023-01-25 20:14:31,719 ] 112 root - INFO - Data transformation object DataTransformationArtifact(transform_object_path='/config/workspace/artifact/01252023__201252/data_transformation/transformer/transformer.pkl', transformed_train_path='/config/workspace/artifact/01252023__201252/data_transformation/transformed/train.npz', transformed_test_path='/config/workspace/artifact/01252023__201252/data_transformation/transformed/test.npz', target_encoder_path='/config/workspace/artifact/01252023__201252/data_transformation/target_encoder/target_encoder.pkl')
[ 2023-01-25 20:14:31,722 ] 18 root - INFO - >>>>>>>>>>>>>>>>>>>>>>>>>>>>>>>>>>>>>>>> Model Trainer <<<<<<<<<<<<<<<<<<<<<<<<<<<<<<<<<<<<<<<<
[ 2023-01-25 20:14:31,722 ] 45 root - INFO - Loading train and test array.
[ 2023-01-25 20:14:31,786 ] 49 root - INFO - Splitting input and target feature from both train and test arr.
[ 2023-01-25 20:14:31,787 ] 53 root - INFO - Train the model
[ 2023-01-25 20:18:18,360 ] 56 root - INFO - Calculating f1 train score
[ 2023-01-25 20:18:18,515 ] 60 root - INFO - Calculating f1 test score
[ 2023-01-25 20:18:18,591 ] 64 root - INFO - train score:0.9999821908781678 and tests score 0.9694011365292147
[ 2023-01-25 20:18:18,592 ] 66 root - INFO - Checking if our model is underfitting or not
[ 2023-01-25 20:18:18,592 ] 71 root - INFO - Checking if our model is overfiiting or not
[ 2023-01-25 20:18:18,592 ] 78 root - INFO - Saving mode object
[ 2023-01-25 20:18:18,592 ] 54 root - INFO - Entered the save_object method of utils
[ 2023-01-25 20:18:18,614 ] 58 root - INFO - Exited the save_object method of utils
[ 2023-01-25 20:18:18,615 ] 82 root - INFO - Prepare the artifact
[ 2023-01-25 20:18:18,615 ] 85 root - INFO - Model trainer artifact: ModelTrainerArtifact(model_path='/config/workspace/artifact/01252023__201252/model_trainer/model/model.pkl', f1_train_score=0.9999821908781678, f1_test_score=0.9694011365292147)
[ 2023-01-25 20:18:18,617 ] 19 root - INFO - >>>>>>>>>>>>>>>>>>>>>>>>>>>>>>>>>>>>>>>>  Model Evaluation <<<<<<<<<<<<<<<<<<<<<<<<<<<<<<<<<<<<<<<<
[ 2023-01-25 20:18:18,618 ] 35 root - INFO - if saved model folder has model the we will compare which model is best trained or the model from saved model folder
[ 2023-01-25 20:18:18,618 ] 41 root - INFO - Model evaluation artifact: ModelEvaluationArtifact(is_model_accepted=True, improved_accuracy=None)
[ 2023-01-25 20:18:18,618 ] 14 root - INFO - >>>>>>>>>>>>>>>>>>>>>>>>>>>>>>>>>>>>>>>> Data Transformation <<<<<<<<<<<<<<<<<<<<<<<<<<<<<<<<<<<<<<<<
[ 2023-01-25 20:18:18,619 ] 25 root - INFO - Loading transformer model and target encoder
[ 2023-01-25 20:18:18,674 ] 31 root - INFO - Saving model into model pusher directory
[ 2023-01-25 20:18:18,674 ] 54 root - INFO - Entered the save_object method of utils
[ 2023-01-25 20:18:18,678 ] 58 root - INFO - Exited the save_object method of utils
[ 2023-01-25 20:18:18,678 ] 54 root - INFO - Entered the save_object method of utils
[ 2023-01-25 20:18:18,735 ] 58 root - INFO - Exited the save_object method of utils
[ 2023-01-25 20:18:18,735 ] 54 root - INFO - Entered the save_object method of utils
[ 2023-01-25 20:18:18,736 ] 58 root - INFO - Exited the save_object method of utils
[ 2023-01-25 20:18:18,736 ] 38 root - INFO - Saving model in saved model dir
[ 2023-01-25 20:18:18,736 ] 54 root - INFO - Entered the save_object method of utils
[ 2023-01-25 20:18:18,738 ] 58 root - INFO - Exited the save_object method of utils
[ 2023-01-25 20:18:18,739 ] 54 root - INFO - Entered the save_object method of utils
[ 2023-01-25 20:18:18,792 ] 58 root - INFO - Exited the save_object method of utils
[ 2023-01-25 20:18:18,793 ] 54 root - INFO - Entered the save_object method of utils
[ 2023-01-25 20:18:18,794 ] 58 root - INFO - Exited the save_object method of utils
[ 2023-01-25 20:18:18,794 ] 49 root - INFO - Model pusher artifact: ModelPusherArtifact(pusher_model_dir='/config/workspace/artifact/01252023__201252/model_pusher/saved_models', saved_model_dir='saved_models')
