[ 2023-02-23 00:57:46,306 ] 15 root - INFO - >>>>>>>>>>>>>>>>>>>>>>>>>>>>>>>>>>>>>>>> Data Ingestion <<<<<<<<<<<<<<<<<<<<<<<<<<<<<<<<<<<<<<<<
[ 2023-02-23 00:57:46,306 ] 22 root - INFO - Exporting collection data as pandas dataframe
[ 2023-02-23 00:57:46,306 ] 21 root - INFO - Reading data from database: aps and collection: sensor
[ 2023-02-23 00:57:52,579 ] 23 root - INFO - Found columns: Index(['_id', 'class', 'aa_000', 'ab_000', 'ac_000', 'ad_000', 'ae_000',
       'af_000', 'ag_000', 'ag_001',
       ...
       'ee_002', 'ee_003', 'ee_004', 'ee_005', 'ee_006', 'ee_007', 'ee_008',
       'ee_009', 'ef_000', 'eg_000'],
      dtype='object', length=172)
[ 2023-02-23 00:57:52,580 ] 25 root - INFO - Dropping column: _id 
[ 2023-02-23 00:57:52,780 ] 27 root - INFO - Row and columns in df: (36188, 171)
[ 2023-02-23 00:57:52,780 ] 27 root - INFO - replacing na values
[ 2023-02-23 00:57:53,352 ] 32 root - INFO - Save data in feature store
[ 2023-02-23 00:57:53,352 ] 34 root - INFO - Create feature store folder if not available
[ 2023-02-23 00:57:53,352 ] 39 root - INFO - Save df to feature store folder
[ 2023-02-23 00:57:55,884 ] 45 root - INFO - split dataset into train and test set
[ 2023-02-23 00:57:56,617 ] 49 root - INFO - create dataset directory folder if not available
[ 2023-02-23 00:57:56,617 ] 54 root - INFO - Save df to feature store folder
[ 2023-02-23 00:57:58,990 ] 69 root - INFO - Data ingestion artifact: DataIngestionArtifact(feature_store_file_path='/config/workspace/artifact/02232023__005746/data_ingestion/feature_store/sensor.csv', train_file_path='/config/workspace/artifact/02232023__005746/data_ingestion/dataset/train.csv', test_file_path='/config/workspace/artifact/02232023__005746/data_ingestion/dataset/test.csv')
[ 2023-02-23 00:57:59,519 ] 22 root - INFO - >>>>>>>>>>>>>>>>>>>>>>>>>>>>>>>>>>>>>>>> Data Validation <<<<<<<<<<<<<<<<<<<<<<<<<<<<<<<<<<<<<<<<
[ 2023-02-23 00:57:59,519 ] 110 root - INFO - Reading base dataframe
[ 2023-02-23 00:58:02,609 ] 113 root - INFO - Replace na value in base df
[ 2023-02-23 00:58:02,610 ] 115 root - INFO - Drop null values colums from base df
[ 2023-02-23 00:58:03,571 ] 44 root - INFO - selecting column name which contains null above to 0.2
[ 2023-02-23 00:58:03,571 ] 47 root - INFO - Columns to drop: ['ab_000', 'ad_000', 'bk_000', 'bl_000', 'bm_000', 'bn_000', 'bo_000', 'bp_000', 'bq_000', 'br_000', 'cf_000', 'cg_000', 'ch_000', 'co_000', 'cr_000', 'ct_000', 'cu_000', 'cv_000', 'cx_000', 'cy_000', 'cz_000', 'da_000', 'db_000', 'dc_000']
[ 2023-02-23 00:58:03,690 ] 118 root - INFO - Reading train dataframe
[ 2023-02-23 00:58:04,087 ] 120 root - INFO - Reading test dataframe
[ 2023-02-23 00:58:04,190 ] 123 root - INFO - Drop null values colums from train df
[ 2023-02-23 00:58:04,202 ] 44 root - INFO - selecting column name which contains null above to 0.2
[ 2023-02-23 00:58:04,202 ] 47 root - INFO - Columns to drop: ['ab_000', 'ad_000', 'bk_000', 'bl_000', 'bm_000', 'bn_000', 'bo_000', 'bp_000', 'bq_000', 'br_000', 'cf_000', 'cg_000', 'ch_000', 'co_000', 'cr_000', 'ct_000', 'cu_000', 'cv_000', 'cx_000', 'cy_000', 'cz_000', 'da_000', 'db_000', 'dc_000']
[ 2023-02-23 00:58:04,212 ] 125 root - INFO - Drop null values colums from test df
[ 2023-02-23 00:58:04,216 ] 44 root - INFO - selecting column name which contains null above to 0.2
[ 2023-02-23 00:58:04,216 ] 47 root - INFO - Columns to drop: ['ab_000', 'ad_000', 'bk_000', 'bl_000', 'bm_000', 'bn_000', 'bo_000', 'bp_000', 'bq_000', 'br_000', 'cf_000', 'cg_000', 'ch_000', 'co_000', 'cr_000', 'ct_000', 'cu_000', 'cv_000', 'cx_000', 'cy_000', 'cz_000', 'da_000', 'db_000', 'dc_000']
[ 2023-02-23 00:58:10,350 ] 137 root - INFO - Is all required columns present in train df
[ 2023-02-23 00:58:10,350 ] 139 root - INFO - Is all required columns present in test df
[ 2023-02-23 00:58:10,351 ] 143 root - INFO - As all column are available in train df hence detecting data drift
[ 2023-02-23 00:58:10,351 ] 88 root - INFO - Hypothesis class: object, object 
[ 2023-02-23 00:58:10,490 ] 88 root - INFO - Hypothesis aa_000: float64, float64 
[ 2023-02-23 00:58:10,532 ] 88 root - INFO - Hypothesis ac_000: float64, float64 
[ 2023-02-23 00:58:10,573 ] 88 root - INFO - Hypothesis ae_000: float64, float64 
[ 2023-02-23 00:58:10,610 ] 88 root - INFO - Hypothesis af_000: float64, float64 
[ 2023-02-23 00:58:10,646 ] 88 root - INFO - Hypothesis ag_000: float64, float64 
[ 2023-02-23 00:58:10,683 ] 88 root - INFO - Hypothesis ag_001: float64, float64 
[ 2023-02-23 00:58:10,719 ] 88 root - INFO - Hypothesis ag_002: float64, float64 
[ 2023-02-23 00:58:10,756 ] 88 root - INFO - Hypothesis ag_003: float64, float64 
[ 2023-02-23 00:58:10,795 ] 88 root - INFO - Hypothesis ag_004: float64, float64 
[ 2023-02-23 00:58:10,839 ] 88 root - INFO - Hypothesis ag_005: float64, float64 
[ 2023-02-23 00:58:10,882 ] 88 root - INFO - Hypothesis ag_006: float64, float64 
[ 2023-02-23 00:58:10,893 ] 88 root - INFO - Hypothesis ag_007: float64, float64 
[ 2023-02-23 00:58:10,902 ] 88 root - INFO - Hypothesis ag_008: float64, float64 
[ 2023-02-23 00:58:10,944 ] 88 root - INFO - Hypothesis ag_009: float64, float64 
[ 2023-02-23 00:58:10,983 ] 88 root - INFO - Hypothesis ah_000: float64, float64 
[ 2023-02-23 00:58:11,028 ] 88 root - INFO - Hypothesis ai_000: float64, float64 
[ 2023-02-23 00:58:11,070 ] 88 root - INFO - Hypothesis aj_000: float64, float64 
[ 2023-02-23 00:58:11,110 ] 88 root - INFO - Hypothesis ak_000: float64, float64 
[ 2023-02-23 00:58:11,145 ] 88 root - INFO - Hypothesis al_000: float64, float64 
[ 2023-02-23 00:58:11,153 ] 88 root - INFO - Hypothesis am_0: float64, float64 
[ 2023-02-23 00:58:11,194 ] 88 root - INFO - Hypothesis an_000: float64, float64 
[ 2023-02-23 00:58:11,238 ] 88 root - INFO - Hypothesis ao_000: float64, float64 
[ 2023-02-23 00:58:11,282 ] 88 root - INFO - Hypothesis ap_000: float64, float64 
[ 2023-02-23 00:58:11,326 ] 88 root - INFO - Hypothesis aq_000: float64, float64 
[ 2023-02-23 00:58:11,369 ] 88 root - INFO - Hypothesis ar_000: float64, float64 
[ 2023-02-23 00:58:11,406 ] 88 root - INFO - Hypothesis as_000: float64, float64 
[ 2023-02-23 00:58:11,442 ] 88 root - INFO - Hypothesis at_000: float64, float64 
[ 2023-02-23 00:58:11,479 ] 88 root - INFO - Hypothesis au_000: float64, float64 
[ 2023-02-23 00:58:11,514 ] 88 root - INFO - Hypothesis av_000: float64, float64 
[ 2023-02-23 00:58:11,554 ] 88 root - INFO - Hypothesis ax_000: float64, float64 
[ 2023-02-23 00:58:11,594 ] 88 root - INFO - Hypothesis ay_000: float64, float64 
[ 2023-02-23 00:58:11,630 ] 88 root - INFO - Hypothesis ay_001: float64, float64 
[ 2023-02-23 00:58:11,665 ] 88 root - INFO - Hypothesis ay_002: float64, float64 
[ 2023-02-23 00:58:11,700 ] 88 root - INFO - Hypothesis ay_003: float64, float64 
[ 2023-02-23 00:58:11,737 ] 88 root - INFO - Hypothesis ay_004: float64, float64 
[ 2023-02-23 00:58:11,774 ] 88 root - INFO - Hypothesis ay_005: float64, float64 
[ 2023-02-23 00:58:11,782 ] 88 root - INFO - Hypothesis ay_006: float64, float64 
[ 2023-02-23 00:58:11,792 ] 88 root - INFO - Hypothesis ay_007: float64, float64 
[ 2023-02-23 00:58:11,834 ] 88 root - INFO - Hypothesis ay_008: float64, float64 
[ 2023-02-23 00:58:11,877 ] 88 root - INFO - Hypothesis ay_009: float64, float64 
[ 2023-02-23 00:58:11,913 ] 88 root - INFO - Hypothesis az_000: float64, float64 
[ 2023-02-23 00:58:11,957 ] 88 root - INFO - Hypothesis az_001: float64, float64 
[ 2023-02-23 00:58:11,998 ] 88 root - INFO - Hypothesis az_002: float64, float64 
[ 2023-02-23 00:58:12,040 ] 88 root - INFO - Hypothesis az_003: float64, float64 
[ 2023-02-23 00:58:12,083 ] 88 root - INFO - Hypothesis az_004: float64, float64 
[ 2023-02-23 00:58:12,127 ] 88 root - INFO - Hypothesis az_005: float64, float64 
[ 2023-02-23 00:58:12,172 ] 88 root - INFO - Hypothesis az_006: float64, float64 
[ 2023-02-23 00:58:12,214 ] 88 root - INFO - Hypothesis az_007: float64, float64 
[ 2023-02-23 00:58:12,253 ] 88 root - INFO - Hypothesis az_008: float64, float64 
[ 2023-02-23 00:58:12,289 ] 88 root - INFO - Hypothesis az_009: float64, float64 
[ 2023-02-23 00:58:12,327 ] 88 root - INFO - Hypothesis ba_000: float64, float64 
[ 2023-02-23 00:58:12,369 ] 88 root - INFO - Hypothesis ba_001: float64, float64 
[ 2023-02-23 00:58:12,412 ] 88 root - INFO - Hypothesis ba_002: float64, float64 
[ 2023-02-23 00:58:12,457 ] 88 root - INFO - Hypothesis ba_003: float64, float64 
[ 2023-02-23 00:58:12,500 ] 88 root - INFO - Hypothesis ba_004: float64, float64 
[ 2023-02-23 00:58:12,543 ] 88 root - INFO - Hypothesis ba_005: float64, float64 
[ 2023-02-23 00:58:12,586 ] 88 root - INFO - Hypothesis ba_006: float64, float64 
[ 2023-02-23 00:58:12,628 ] 88 root - INFO - Hypothesis ba_007: float64, float64 
[ 2023-02-23 00:58:12,638 ] 88 root - INFO - Hypothesis ba_008: float64, float64 
[ 2023-02-23 00:58:12,646 ] 88 root - INFO - Hypothesis ba_009: float64, float64 
[ 2023-02-23 00:58:12,687 ] 88 root - INFO - Hypothesis bb_000: float64, float64 
[ 2023-02-23 00:58:12,730 ] 88 root - INFO - Hypothesis bc_000: float64, float64 
[ 2023-02-23 00:58:12,769 ] 88 root - INFO - Hypothesis bd_000: float64, float64 
[ 2023-02-23 00:58:12,809 ] 88 root - INFO - Hypothesis be_000: float64, float64 
[ 2023-02-23 00:58:12,850 ] 88 root - INFO - Hypothesis bf_000: float64, float64 
[ 2023-02-23 00:58:12,857 ] 88 root - INFO - Hypothesis bg_000: float64, float64 
[ 2023-02-23 00:58:12,900 ] 88 root - INFO - Hypothesis bh_000: float64, float64 
[ 2023-02-23 00:58:12,942 ] 88 root - INFO - Hypothesis bi_000: float64, float64 
[ 2023-02-23 00:58:12,953 ] 88 root - INFO - Hypothesis bj_000: float64, float64 
[ 2023-02-23 00:58:12,995 ] 88 root - INFO - Hypothesis bs_000: float64, float64 
[ 2023-02-23 00:58:13,005 ] 88 root - INFO - Hypothesis bt_000: float64, float64 
[ 2023-02-23 00:58:13,048 ] 88 root - INFO - Hypothesis bu_000: float64, float64 
[ 2023-02-23 00:58:13,091 ] 88 root - INFO - Hypothesis bv_000: float64, float64 
[ 2023-02-23 00:58:13,134 ] 88 root - INFO - Hypothesis bx_000: float64, float64 
[ 2023-02-23 00:58:13,175 ] 88 root - INFO - Hypothesis by_000: float64, float64 
[ 2023-02-23 00:58:13,217 ] 88 root - INFO - Hypothesis bz_000: float64, float64 
[ 2023-02-23 00:58:13,227 ] 88 root - INFO - Hypothesis ca_000: float64, float64 
[ 2023-02-23 00:58:13,237 ] 88 root - INFO - Hypothesis cb_000: float64, float64 
[ 2023-02-23 00:58:13,248 ] 88 root - INFO - Hypothesis cc_000: float64, float64 
[ 2023-02-23 00:58:13,290 ] 88 root - INFO - Hypothesis cd_000: float64, float64 
[ 2023-02-23 00:58:13,295 ] 88 root - INFO - Hypothesis ce_000: float64, float64 
[ 2023-02-23 00:58:13,336 ] 88 root - INFO - Hypothesis ci_000: float64, float64 
[ 2023-02-23 00:58:13,381 ] 88 root - INFO - Hypothesis cj_000: float64, float64 
[ 2023-02-23 00:58:13,419 ] 88 root - INFO - Hypothesis ck_000: float64, float64 
[ 2023-02-23 00:58:13,462 ] 88 root - INFO - Hypothesis cl_000: float64, float64 
[ 2023-02-23 00:58:13,469 ] 88 root - INFO - Hypothesis cm_000: float64, float64 
[ 2023-02-23 00:58:13,476 ] 88 root - INFO - Hypothesis cn_000: float64, float64 
[ 2023-02-23 00:58:13,512 ] 88 root - INFO - Hypothesis cn_001: float64, float64 
[ 2023-02-23 00:58:13,548 ] 88 root - INFO - Hypothesis cn_002: float64, float64 
[ 2023-02-23 00:58:13,556 ] 88 root - INFO - Hypothesis cn_003: float64, float64 
[ 2023-02-23 00:58:13,598 ] 88 root - INFO - Hypothesis cn_004: float64, float64 
[ 2023-02-23 00:58:13,641 ] 88 root - INFO - Hypothesis cn_005: float64, float64 
[ 2023-02-23 00:58:13,684 ] 88 root - INFO - Hypothesis cn_006: float64, float64 
[ 2023-02-23 00:58:13,695 ] 88 root - INFO - Hypothesis cn_007: float64, float64 
[ 2023-02-23 00:58:13,705 ] 88 root - INFO - Hypothesis cn_008: float64, float64 
[ 2023-02-23 00:58:13,746 ] 88 root - INFO - Hypothesis cn_009: float64, float64 
[ 2023-02-23 00:58:13,785 ] 88 root - INFO - Hypothesis cp_000: float64, float64 
[ 2023-02-23 00:58:13,825 ] 88 root - INFO - Hypothesis cq_000: float64, float64 
[ 2023-02-23 00:58:13,868 ] 88 root - INFO - Hypothesis cs_000: float64, float64 
[ 2023-02-23 00:58:13,910 ] 88 root - INFO - Hypothesis cs_001: float64, float64 
[ 2023-02-23 00:58:13,951 ] 88 root - INFO - Hypothesis cs_002: float64, float64 
[ 2023-02-23 00:58:13,994 ] 88 root - INFO - Hypothesis cs_003: float64, float64 
[ 2023-02-23 00:58:14,036 ] 88 root - INFO - Hypothesis cs_004: float64, float64 
[ 2023-02-23 00:58:14,079 ] 88 root - INFO - Hypothesis cs_005: float64, float64 
[ 2023-02-23 00:58:14,122 ] 88 root - INFO - Hypothesis cs_006: float64, float64 
[ 2023-02-23 00:58:14,133 ] 88 root - INFO - Hypothesis cs_007: float64, float64 
[ 2023-02-23 00:58:14,143 ] 88 root - INFO - Hypothesis cs_008: float64, float64 
[ 2023-02-23 00:58:14,151 ] 88 root - INFO - Hypothesis cs_009: float64, float64 
[ 2023-02-23 00:58:14,187 ] 88 root - INFO - Hypothesis dd_000: float64, float64 
[ 2023-02-23 00:58:14,228 ] 88 root - INFO - Hypothesis de_000: float64, float64 
[ 2023-02-23 00:58:14,268 ] 88 root - INFO - Hypothesis df_000: float64, float64 
[ 2023-02-23 00:58:14,306 ] 88 root - INFO - Hypothesis dg_000: float64, float64 
[ 2023-02-23 00:58:14,342 ] 88 root - INFO - Hypothesis dh_000: float64, float64 
[ 2023-02-23 00:58:14,379 ] 88 root - INFO - Hypothesis di_000: float64, float64 
[ 2023-02-23 00:58:14,417 ] 88 root - INFO - Hypothesis dj_000: float64, float64 
[ 2023-02-23 00:58:14,453 ] 88 root - INFO - Hypothesis dk_000: float64, float64 
[ 2023-02-23 00:58:14,490 ] 88 root - INFO - Hypothesis dl_000: float64, float64 
[ 2023-02-23 00:58:14,525 ] 88 root - INFO - Hypothesis dm_000: float64, float64 
[ 2023-02-23 00:58:14,561 ] 88 root - INFO - Hypothesis dn_000: float64, float64 
[ 2023-02-23 00:58:14,606 ] 88 root - INFO - Hypothesis do_000: float64, float64 
[ 2023-02-23 00:58:14,649 ] 88 root - INFO - Hypothesis dp_000: float64, float64 
[ 2023-02-23 00:58:14,690 ] 88 root - INFO - Hypothesis dq_000: float64, float64 
[ 2023-02-23 00:58:14,728 ] 88 root - INFO - Hypothesis dr_000: float64, float64 
[ 2023-02-23 00:58:14,766 ] 88 root - INFO - Hypothesis ds_000: float64, float64 
[ 2023-02-23 00:58:14,808 ] 88 root - INFO - Hypothesis dt_000: float64, float64 
[ 2023-02-23 00:58:14,850 ] 88 root - INFO - Hypothesis du_000: float64, float64 
[ 2023-02-23 00:58:14,892 ] 88 root - INFO - Hypothesis dv_000: float64, float64 
[ 2023-02-23 00:58:14,933 ] 88 root - INFO - Hypothesis dx_000: float64, float64 
[ 2023-02-23 00:58:14,972 ] 88 root - INFO - Hypothesis dy_000: float64, float64 
[ 2023-02-23 00:58:15,010 ] 88 root - INFO - Hypothesis dz_000: float64, float64 
[ 2023-02-23 00:58:15,046 ] 88 root - INFO - Hypothesis ea_000: float64, float64 
[ 2023-02-23 00:58:15,082 ] 88 root - INFO - Hypothesis eb_000: float64, float64 
[ 2023-02-23 00:58:15,091 ] 88 root - INFO - Hypothesis ec_00: float64, float64 
[ 2023-02-23 00:58:15,133 ] 88 root - INFO - Hypothesis ed_000: float64, float64 
[ 2023-02-23 00:58:15,174 ] 88 root - INFO - Hypothesis ee_000: float64, float64 
[ 2023-02-23 00:58:15,217 ] 88 root - INFO - Hypothesis ee_001: float64, float64 
[ 2023-02-23 00:58:15,260 ] 88 root - INFO - Hypothesis ee_002: float64, float64 
[ 2023-02-23 00:58:15,302 ] 88 root - INFO - Hypothesis ee_003: float64, float64 
[ 2023-02-23 00:58:15,344 ] 88 root - INFO - Hypothesis ee_004: float64, float64 
[ 2023-02-23 00:58:15,387 ] 88 root - INFO - Hypothesis ee_005: float64, float64 
[ 2023-02-23 00:58:15,430 ] 88 root - INFO - Hypothesis ee_006: float64, float64 
[ 2023-02-23 00:58:15,440 ] 88 root - INFO - Hypothesis ee_007: float64, float64 
[ 2023-02-23 00:58:15,450 ] 88 root - INFO - Hypothesis ee_008: float64, float64 
[ 2023-02-23 00:58:15,460 ] 88 root - INFO - Hypothesis ee_009: float64, float64 
[ 2023-02-23 00:58:15,468 ] 88 root - INFO - Hypothesis ef_000: float64, float64 
[ 2023-02-23 00:58:15,504 ] 88 root - INFO - Hypothesis eg_000: float64, float64 
[ 2023-02-23 00:58:15,539 ] 146 root - INFO - As all column are available in test df hence detecting data drift
[ 2023-02-23 00:58:15,540 ] 88 root - INFO - Hypothesis class: object, object 
[ 2023-02-23 00:58:15,615 ] 88 root - INFO - Hypothesis aa_000: float64, float64 
[ 2023-02-23 00:58:15,622 ] 88 root - INFO - Hypothesis ac_000: float64, float64 
[ 2023-02-23 00:58:15,628 ] 88 root - INFO - Hypothesis ae_000: float64, float64 
[ 2023-02-23 00:58:15,643 ] 88 root - INFO - Hypothesis af_000: float64, float64 
[ 2023-02-23 00:58:15,658 ] 88 root - INFO - Hypothesis ag_000: float64, float64 
[ 2023-02-23 00:58:15,673 ] 88 root - INFO - Hypothesis ag_001: float64, float64 
[ 2023-02-23 00:58:15,689 ] 88 root - INFO - Hypothesis ag_002: float64, float64 
[ 2023-02-23 00:58:15,704 ] 88 root - INFO - Hypothesis ag_003: float64, float64 
[ 2023-02-23 00:58:15,708 ] 88 root - INFO - Hypothesis ag_004: float64, float64 
[ 2023-02-23 00:58:15,715 ] 88 root - INFO - Hypothesis ag_005: float64, float64 
[ 2023-02-23 00:58:15,722 ] 88 root - INFO - Hypothesis ag_006: float64, float64 
[ 2023-02-23 00:58:15,730 ] 88 root - INFO - Hypothesis ag_007: float64, float64 
[ 2023-02-23 00:58:15,736 ] 88 root - INFO - Hypothesis ag_008: float64, float64 
[ 2023-02-23 00:58:15,742 ] 88 root - INFO - Hypothesis ag_009: float64, float64 
[ 2023-02-23 00:58:15,746 ] 88 root - INFO - Hypothesis ah_000: float64, float64 
[ 2023-02-23 00:58:15,753 ] 88 root - INFO - Hypothesis ai_000: float64, float64 
[ 2023-02-23 00:58:15,769 ] 88 root - INFO - Hypothesis aj_000: float64, float64 
[ 2023-02-23 00:58:15,773 ] 88 root - INFO - Hypothesis ak_000: float64, float64 
[ 2023-02-23 00:58:15,789 ] 88 root - INFO - Hypothesis al_000: float64, float64 
[ 2023-02-23 00:58:15,794 ] 88 root - INFO - Hypothesis am_0: float64, float64 
[ 2023-02-23 00:58:15,799 ] 88 root - INFO - Hypothesis an_000: float64, float64 
[ 2023-02-23 00:58:15,806 ] 88 root - INFO - Hypothesis ao_000: float64, float64 
[ 2023-02-23 00:58:15,813 ] 88 root - INFO - Hypothesis ap_000: float64, float64 
[ 2023-02-23 00:58:15,820 ] 88 root - INFO - Hypothesis aq_000: float64, float64 
[ 2023-02-23 00:58:15,827 ] 88 root - INFO - Hypothesis ar_000: float64, float64 
[ 2023-02-23 00:58:15,842 ] 88 root - INFO - Hypothesis as_000: float64, float64 
[ 2023-02-23 00:58:15,857 ] 88 root - INFO - Hypothesis at_000: float64, float64 
[ 2023-02-23 00:58:15,860 ] 88 root - INFO - Hypothesis au_000: float64, float64 
[ 2023-02-23 00:58:15,875 ] 88 root - INFO - Hypothesis av_000: float64, float64 
[ 2023-02-23 00:58:15,881 ] 88 root - INFO - Hypothesis ax_000: float64, float64 
[ 2023-02-23 00:58:15,898 ] 88 root - INFO - Hypothesis ay_000: float64, float64 
[ 2023-02-23 00:58:15,913 ] 88 root - INFO - Hypothesis ay_001: float64, float64 
[ 2023-02-23 00:58:15,928 ] 88 root - INFO - Hypothesis ay_002: float64, float64 
[ 2023-02-23 00:58:15,943 ] 88 root - INFO - Hypothesis ay_003: float64, float64 
[ 2023-02-23 00:58:15,958 ] 88 root - INFO - Hypothesis ay_004: float64, float64 
[ 2023-02-23 00:58:15,973 ] 88 root - INFO - Hypothesis ay_005: float64, float64 
[ 2023-02-23 00:58:15,978 ] 88 root - INFO - Hypothesis ay_006: float64, float64 
[ 2023-02-23 00:58:15,984 ] 88 root - INFO - Hypothesis ay_007: float64, float64 
[ 2023-02-23 00:58:15,991 ] 88 root - INFO - Hypothesis ay_008: float64, float64 
[ 2023-02-23 00:58:15,998 ] 88 root - INFO - Hypothesis ay_009: float64, float64 
[ 2023-02-23 00:58:16,013 ] 88 root - INFO - Hypothesis az_000: float64, float64 
[ 2023-02-23 00:58:16,020 ] 88 root - INFO - Hypothesis az_001: float64, float64 
[ 2023-02-23 00:58:16,026 ] 88 root - INFO - Hypothesis az_002: float64, float64 
[ 2023-02-23 00:58:16,032 ] 88 root - INFO - Hypothesis az_003: float64, float64 
[ 2023-02-23 00:58:16,039 ] 88 root - INFO - Hypothesis az_004: float64, float64 
[ 2023-02-23 00:58:16,046 ] 88 root - INFO - Hypothesis az_005: float64, float64 
[ 2023-02-23 00:58:16,053 ] 88 root - INFO - Hypothesis az_006: float64, float64 
[ 2023-02-23 00:58:16,060 ] 88 root - INFO - Hypothesis az_007: float64, float64 
[ 2023-02-23 00:58:16,076 ] 88 root - INFO - Hypothesis az_008: float64, float64 
[ 2023-02-23 00:58:16,092 ] 88 root - INFO - Hypothesis az_009: float64, float64 
[ 2023-02-23 00:58:16,107 ] 88 root - INFO - Hypothesis ba_000: float64, float64 
[ 2023-02-23 00:58:16,114 ] 88 root - INFO - Hypothesis ba_001: float64, float64 
[ 2023-02-23 00:58:16,121 ] 88 root - INFO - Hypothesis ba_002: float64, float64 
[ 2023-02-23 00:58:16,128 ] 88 root - INFO - Hypothesis ba_003: float64, float64 
[ 2023-02-23 00:58:16,135 ] 88 root - INFO - Hypothesis ba_004: float64, float64 
[ 2023-02-23 00:58:16,142 ] 88 root - INFO - Hypothesis ba_005: float64, float64 
[ 2023-02-23 00:58:16,149 ] 88 root - INFO - Hypothesis ba_006: float64, float64 
[ 2023-02-23 00:58:16,155 ] 88 root - INFO - Hypothesis ba_007: float64, float64 
[ 2023-02-23 00:58:16,162 ] 88 root - INFO - Hypothesis ba_008: float64, float64 
[ 2023-02-23 00:58:16,167 ] 88 root - INFO - Hypothesis ba_009: float64, float64 
[ 2023-02-23 00:58:16,172 ] 88 root - INFO - Hypothesis bb_000: float64, float64 
[ 2023-02-23 00:58:16,179 ] 88 root - INFO - Hypothesis bc_000: float64, float64 
[ 2023-02-23 00:58:16,184 ] 88 root - INFO - Hypothesis bd_000: float64, float64 
[ 2023-02-23 00:58:16,190 ] 88 root - INFO - Hypothesis be_000: float64, float64 
[ 2023-02-23 00:58:16,196 ] 88 root - INFO - Hypothesis bf_000: float64, float64 
[ 2023-02-23 00:58:16,200 ] 88 root - INFO - Hypothesis bg_000: float64, float64 
[ 2023-02-23 00:58:16,208 ] 88 root - INFO - Hypothesis bh_000: float64, float64 
[ 2023-02-23 00:58:16,214 ] 88 root - INFO - Hypothesis bi_000: float64, float64 
[ 2023-02-23 00:58:16,222 ] 88 root - INFO - Hypothesis bj_000: float64, float64 
[ 2023-02-23 00:58:16,229 ] 88 root - INFO - Hypothesis bs_000: float64, float64 
[ 2023-02-23 00:58:16,236 ] 88 root - INFO - Hypothesis bt_000: float64, float64 
[ 2023-02-23 00:58:16,243 ] 88 root - INFO - Hypothesis bu_000: float64, float64 
[ 2023-02-23 00:58:16,250 ] 88 root - INFO - Hypothesis bv_000: float64, float64 
[ 2023-02-23 00:58:16,258 ] 88 root - INFO - Hypothesis bx_000: float64, float64 
[ 2023-02-23 00:58:16,265 ] 88 root - INFO - Hypothesis by_000: float64, float64 
[ 2023-02-23 00:58:16,272 ] 88 root - INFO - Hypothesis bz_000: float64, float64 
[ 2023-02-23 00:58:16,278 ] 88 root - INFO - Hypothesis ca_000: float64, float64 
[ 2023-02-23 00:58:16,285 ] 88 root - INFO - Hypothesis cb_000: float64, float64 
[ 2023-02-23 00:58:16,293 ] 88 root - INFO - Hypothesis cc_000: float64, float64 
[ 2023-02-23 00:58:16,300 ] 88 root - INFO - Hypothesis cd_000: float64, float64 
[ 2023-02-23 00:58:16,303 ] 88 root - INFO - Hypothesis ce_000: float64, float64 
[ 2023-02-23 00:58:16,309 ] 88 root - INFO - Hypothesis ci_000: float64, float64 
[ 2023-02-23 00:58:16,316 ] 88 root - INFO - Hypothesis cj_000: float64, float64 
[ 2023-02-23 00:58:16,332 ] 88 root - INFO - Hypothesis ck_000: float64, float64 
[ 2023-02-23 00:58:16,340 ] 88 root - INFO - Hypothesis cl_000: float64, float64 
[ 2023-02-23 00:58:16,344 ] 88 root - INFO - Hypothesis cm_000: float64, float64 
[ 2023-02-23 00:58:16,348 ] 88 root - INFO - Hypothesis cn_000: float64, float64 
[ 2023-02-23 00:58:16,363 ] 88 root - INFO - Hypothesis cn_001: float64, float64 
[ 2023-02-23 00:58:16,380 ] 88 root - INFO - Hypothesis cn_002: float64, float64 
[ 2023-02-23 00:58:16,385 ] 88 root - INFO - Hypothesis cn_003: float64, float64 
[ 2023-02-23 00:58:16,392 ] 88 root - INFO - Hypothesis cn_004: float64, float64 
[ 2023-02-23 00:58:16,399 ] 88 root - INFO - Hypothesis cn_005: float64, float64 
[ 2023-02-23 00:58:16,406 ] 88 root - INFO - Hypothesis cn_006: float64, float64 
[ 2023-02-23 00:58:16,413 ] 88 root - INFO - Hypothesis cn_007: float64, float64 
[ 2023-02-23 00:58:16,419 ] 88 root - INFO - Hypothesis cn_008: float64, float64 
[ 2023-02-23 00:58:16,425 ] 88 root - INFO - Hypothesis cn_009: float64, float64 
[ 2023-02-23 00:58:16,431 ] 88 root - INFO - Hypothesis cp_000: float64, float64 
[ 2023-02-23 00:58:16,436 ] 88 root - INFO - Hypothesis cq_000: float64, float64 
[ 2023-02-23 00:58:16,443 ] 88 root - INFO - Hypothesis cs_000: float64, float64 
[ 2023-02-23 00:58:16,449 ] 88 root - INFO - Hypothesis cs_001: float64, float64 
[ 2023-02-23 00:58:16,455 ] 88 root - INFO - Hypothesis cs_002: float64, float64 
[ 2023-02-23 00:58:16,462 ] 88 root - INFO - Hypothesis cs_003: float64, float64 
[ 2023-02-23 00:58:16,469 ] 88 root - INFO - Hypothesis cs_004: float64, float64 
[ 2023-02-23 00:58:16,476 ] 88 root - INFO - Hypothesis cs_005: float64, float64 
[ 2023-02-23 00:58:16,483 ] 88 root - INFO - Hypothesis cs_006: float64, float64 
[ 2023-02-23 00:58:16,490 ] 88 root - INFO - Hypothesis cs_007: float64, float64 
[ 2023-02-23 00:58:16,497 ] 88 root - INFO - Hypothesis cs_008: float64, float64 
[ 2023-02-23 00:58:16,502 ] 88 root - INFO - Hypothesis cs_009: float64, float64 
[ 2023-02-23 00:58:16,517 ] 88 root - INFO - Hypothesis dd_000: float64, float64 
[ 2023-02-23 00:58:16,523 ] 88 root - INFO - Hypothesis de_000: float64, float64 
[ 2023-02-23 00:58:16,529 ] 88 root - INFO - Hypothesis df_000: float64, float64 
[ 2023-02-23 00:58:16,545 ] 88 root - INFO - Hypothesis dg_000: float64, float64 
[ 2023-02-23 00:58:16,560 ] 88 root - INFO - Hypothesis dh_000: float64, float64 
[ 2023-02-23 00:58:16,564 ] 88 root - INFO - Hypothesis di_000: float64, float64 
[ 2023-02-23 00:58:16,580 ] 88 root - INFO - Hypothesis dj_000: float64, float64 
[ 2023-02-23 00:58:16,596 ] 88 root - INFO - Hypothesis dk_000: float64, float64 
[ 2023-02-23 00:58:16,611 ] 88 root - INFO - Hypothesis dl_000: float64, float64 
[ 2023-02-23 00:58:16,626 ] 88 root - INFO - Hypothesis dm_000: float64, float64 
[ 2023-02-23 00:58:16,642 ] 88 root - INFO - Hypothesis dn_000: float64, float64 
[ 2023-02-23 00:58:16,649 ] 88 root - INFO - Hypothesis do_000: float64, float64 
[ 2023-02-23 00:58:16,655 ] 88 root - INFO - Hypothesis dp_000: float64, float64 
[ 2023-02-23 00:58:16,661 ] 88 root - INFO - Hypothesis dq_000: float64, float64 
[ 2023-02-23 00:58:16,666 ] 88 root - INFO - Hypothesis dr_000: float64, float64 
[ 2023-02-23 00:58:16,670 ] 88 root - INFO - Hypothesis ds_000: float64, float64 
[ 2023-02-23 00:58:16,677 ] 88 root - INFO - Hypothesis dt_000: float64, float64 
[ 2023-02-23 00:58:16,684 ] 88 root - INFO - Hypothesis du_000: float64, float64 
[ 2023-02-23 00:58:16,690 ] 88 root - INFO - Hypothesis dv_000: float64, float64 
[ 2023-02-23 00:58:16,697 ] 88 root - INFO - Hypothesis dx_000: float64, float64 
[ 2023-02-23 00:58:16,702 ] 88 root - INFO - Hypothesis dy_000: float64, float64 
[ 2023-02-23 00:58:16,707 ] 88 root - INFO - Hypothesis dz_000: float64, float64 
[ 2023-02-23 00:58:16,722 ] 88 root - INFO - Hypothesis ea_000: float64, float64 
[ 2023-02-23 00:58:16,737 ] 88 root - INFO - Hypothesis eb_000: float64, float64 
[ 2023-02-23 00:58:16,743 ] 88 root - INFO - Hypothesis ec_00: float64, float64 
[ 2023-02-23 00:58:16,749 ] 88 root - INFO - Hypothesis ed_000: float64, float64 
[ 2023-02-23 00:58:16,755 ] 88 root - INFO - Hypothesis ee_000: float64, float64 
[ 2023-02-23 00:58:16,763 ] 88 root - INFO - Hypothesis ee_001: float64, float64 
[ 2023-02-23 00:58:16,770 ] 88 root - INFO - Hypothesis ee_002: float64, float64 
[ 2023-02-23 00:58:16,777 ] 88 root - INFO - Hypothesis ee_003: float64, float64 
[ 2023-02-23 00:58:16,783 ] 88 root - INFO - Hypothesis ee_004: float64, float64 
[ 2023-02-23 00:58:16,790 ] 88 root - INFO - Hypothesis ee_005: float64, float64 
[ 2023-02-23 00:58:16,797 ] 88 root - INFO - Hypothesis ee_006: float64, float64 
[ 2023-02-23 00:58:16,804 ] 88 root - INFO - Hypothesis ee_007: float64, float64 
[ 2023-02-23 00:58:16,810 ] 88 root - INFO - Hypothesis ee_008: float64, float64 
[ 2023-02-23 00:58:16,816 ] 88 root - INFO - Hypothesis ee_009: float64, float64 
[ 2023-02-23 00:58:16,821 ] 88 root - INFO - Hypothesis ef_000: float64, float64 
[ 2023-02-23 00:58:16,836 ] 88 root - INFO - Hypothesis eg_000: float64, float64 
[ 2023-02-23 00:58:16,851 ] 150 root - INFO - Write reprt in yaml file
[ 2023-02-23 00:58:17,033 ] 155 root - INFO - Data validation artifact: DataValidationArtifact(report_file_path='/config/workspace/artifact/02232023__005746/data_validation/report.yaml')
[ 2023-02-23 00:58:17,035 ] 24 root - INFO - >>>>>>>>>>>>>>>>>>>>>>>>>>>>>>>>>>>>>>>> Data Transformation <<<<<<<<<<<<<<<<<<<<<<<<<<<<<<<<<<<<<<<<
[ 2023-02-23 00:58:17,928 ] 75 root - INFO - Before resampling in training set Input: (28950, 170) Target:(28950,)
[ 2023-02-23 00:58:23,431 ] 77 root - INFO - After resampling in training set Input: (56126, 170) Target:(56126,)
[ 2023-02-23 00:58:23,432 ] 79 root - INFO - Before resampling in testing set Input: (7238, 170) Target:(7238,)
[ 2023-02-23 00:58:24,055 ] 81 root - INFO - After resampling in testing set Input: (14058, 170) Target:(14058,)
[ 2023-02-23 00:58:24,163 ] 54 root - INFO - Entered the save_object method of utils
[ 2023-02-23 00:58:24,167 ] 58 root - INFO - Exited the save_object method of utils
[ 2023-02-23 00:58:24,167 ] 54 root - INFO - Entered the save_object method of utils
[ 2023-02-23 00:58:24,168 ] 58 root - INFO - Exited the save_object method of utils
[ 2023-02-23 00:58:24,168 ] 113 root - INFO - Data transformation object DataTransformationArtifact(transform_object_path='/config/workspace/artifact/02232023__005746/data_transformation/transformer/transformer.pkl', transformed_train_path='/config/workspace/artifact/02232023__005746/data_transformation/transformed/train.npz', transformed_test_path='/config/workspace/artifact/02232023__005746/data_transformation/transformed/test.npz', target_encoder_path='/config/workspace/artifact/02232023__005746/data_transformation/target_encoder/target_encoder.pkl')
[ 2023-02-23 00:58:24,169 ] 18 root - INFO - >>>>>>>>>>>>>>>>>>>>>>>>>>>>>>>>>>>>>>>> Model Trainer <<<<<<<<<<<<<<<<<<<<<<<<<<<<<<<<<<<<<<<<
[ 2023-02-23 00:58:24,170 ] 45 root - INFO - Loading train and test array.
[ 2023-02-23 00:58:24,198 ] 49 root - INFO - Splitting input and target feature from both train and test arr.
[ 2023-02-23 00:58:24,199 ] 53 root - INFO - Train the model
[ 2023-02-23 00:58:33,696 ] 56 root - INFO - Calculating f1 train score
[ 2023-02-23 00:58:33,745 ] 60 root - INFO - Calculating f1 test score
[ 2023-02-23 00:58:33,762 ] 64 root - INFO - train score:0.9999821826280624 and tests score 0.9768585478738792
[ 2023-02-23 00:58:33,762 ] 66 root - INFO - Checking if our model is underfitting or not
[ 2023-02-23 00:58:33,762 ] 71 root - INFO - Checking if our model is overfiiting or not
[ 2023-02-23 00:58:33,762 ] 78 root - INFO - Saving mode object
[ 2023-02-23 00:58:33,762 ] 54 root - INFO - Entered the save_object method of utils
[ 2023-02-23 00:58:33,768 ] 58 root - INFO - Exited the save_object method of utils
[ 2023-02-23 00:58:33,768 ] 82 root - INFO - Prepare the artifact
[ 2023-02-23 00:58:33,769 ] 85 root - INFO - Model trainer artifact: ModelTrainerArtifact(model_path='/config/workspace/artifact/02232023__005746/model_trainer/model/model.pkl', f1_train_score=0.9999821826280624, f1_test_score=0.9768585478738792)
[ 2023-02-23 00:58:33,771 ] 19 root - INFO - >>>>>>>>>>>>>>>>>>>>>>>>>>>>>>>>>>>>>>>>  Model Evaluation <<<<<<<<<<<<<<<<<<<<<<<<<<<<<<<<<<<<<<<<
[ 2023-02-23 00:58:33,771 ] 35 root - INFO - if saved model folder has model the we will compare which model is best trained or the model from saved model folder
[ 2023-02-23 00:58:33,771 ] 46 root - INFO - Finding location of transformer model and target encoder
[ 2023-02-23 00:58:33,771 ] 51 root - INFO - Previous trained objects of transformer, model and target encoder
[ 2023-02-23 00:58:33,776 ] 59 root - INFO - Currently trained model objects
[ 2023-02-23 00:58:33,945 ] 77 root - INFO - Accuracy using previous trained model: 0.9585492227979275
[ 2023-02-23 00:58:33,984 ] 86 root - INFO - Accuracy using current trained model: 0.7909319899244333
[ 2023-02-23 00:58:33,984 ] 88 root - INFO - Current trained model is not better than previous model
