[ 2023-02-23 11:57:01,528 ] 15 root - INFO - >>>>>>>>>>>>>>>>>>>>>>>>>>>>>>>>>>>>>>>> Data Ingestion <<<<<<<<<<<<<<<<<<<<<<<<<<<<<<<<<<<<<<<<
[ 2023-02-23 11:57:01,528 ] 22 root - INFO - Exporting collection data as pandas dataframe
[ 2023-02-23 11:57:01,528 ] 21 root - INFO - Reading data from database: aps1 and collection: sensor
[ 2023-02-23 11:57:07,193 ] 23 root - INFO - Found columns: Index(['_id', 'class', 'aa_000', 'ab_000', 'ac_000', 'ad_000', 'ae_000',
       'af_000', 'ag_000', 'ag_001',
       ...
       'ee_002', 'ee_003', 'ee_004', 'ee_005', 'ee_006', 'ee_007', 'ee_008',
       'ee_009', 'ef_000', 'eg_000'],
      dtype='object', length=172)
[ 2023-02-23 11:57:07,194 ] 25 root - INFO - Dropping column: _id 
[ 2023-02-23 11:57:07,394 ] 27 root - INFO - Row and columns in df: (36188, 171)
[ 2023-02-23 11:57:07,394 ] 27 root - INFO - replacing na values
[ 2023-02-23 11:57:07,940 ] 32 root - INFO - Save data in feature store
[ 2023-02-23 11:57:07,941 ] 34 root - INFO - Create feature store folder if not available
[ 2023-02-23 11:57:07,941 ] 39 root - INFO - Save df to feature store folder
[ 2023-02-23 11:57:10,462 ] 45 root - INFO - split dataset into train and test set
[ 2023-02-23 11:57:11,031 ] 49 root - INFO - create dataset directory folder if not available
[ 2023-02-23 11:57:11,032 ] 54 root - INFO - Save df to feature store folder
[ 2023-02-23 11:57:13,343 ] 69 root - INFO - Data ingestion artifact: DataIngestionArtifact(feature_store_file_path='/config/workspace/artifact/02232023__115701/data_ingestion/feature_store/sensor.csv', train_file_path='/config/workspace/artifact/02232023__115701/data_ingestion/dataset/train.csv', test_file_path='/config/workspace/artifact/02232023__115701/data_ingestion/dataset/test.csv')
[ 2023-02-23 11:57:13,755 ] 22 root - INFO - >>>>>>>>>>>>>>>>>>>>>>>>>>>>>>>>>>>>>>>> Data Validation <<<<<<<<<<<<<<<<<<<<<<<<<<<<<<<<<<<<<<<<
[ 2023-02-23 11:57:13,756 ] 110 root - INFO - Reading base dataframe
[ 2023-02-23 11:57:16,721 ] 113 root - INFO - Replace na value in base df
[ 2023-02-23 11:57:16,721 ] 115 root - INFO - Drop null values colums from base df
[ 2023-02-23 11:57:17,693 ] 44 root - INFO - selecting column name which contains null above to 0.2
[ 2023-02-23 11:57:17,694 ] 47 root - INFO - Columns to drop: ['ab_000', 'ad_000', 'bk_000', 'bl_000', 'bm_000', 'bn_000', 'bo_000', 'bp_000', 'bq_000', 'br_000', 'cf_000', 'cg_000', 'ch_000', 'co_000', 'cr_000', 'ct_000', 'cu_000', 'cv_000', 'cx_000', 'cy_000', 'cz_000', 'da_000', 'db_000', 'dc_000']
[ 2023-02-23 11:57:17,802 ] 118 root - INFO - Reading train dataframe
[ 2023-02-23 11:57:18,197 ] 120 root - INFO - Reading test dataframe
[ 2023-02-23 11:57:18,296 ] 123 root - INFO - Drop null values colums from train df
[ 2023-02-23 11:57:18,307 ] 44 root - INFO - selecting column name which contains null above to 0.2
[ 2023-02-23 11:57:18,307 ] 47 root - INFO - Columns to drop: ['ab_000', 'ad_000', 'bk_000', 'bl_000', 'bm_000', 'bn_000', 'bo_000', 'bp_000', 'bq_000', 'br_000', 'cf_000', 'cg_000', 'ch_000', 'co_000', 'cr_000', 'ct_000', 'cu_000', 'cv_000', 'cx_000', 'cy_000', 'cz_000', 'da_000', 'db_000', 'dc_000']
[ 2023-02-23 11:57:18,316 ] 125 root - INFO - Drop null values colums from test df
[ 2023-02-23 11:57:18,320 ] 44 root - INFO - selecting column name which contains null above to 0.2
[ 2023-02-23 11:57:18,321 ] 47 root - INFO - Columns to drop: ['ab_000', 'ad_000', 'bk_000', 'bl_000', 'bm_000', 'bn_000', 'bo_000', 'bp_000', 'bq_000', 'br_000', 'cf_000', 'cg_000', 'ch_000', 'co_000', 'cr_000', 'ct_000', 'cu_000', 'cv_000', 'cx_000', 'cy_000', 'cz_000', 'da_000', 'db_000', 'dc_000']
[ 2023-02-23 11:57:24,387 ] 137 root - INFO - Is all required columns present in train df
[ 2023-02-23 11:57:24,387 ] 139 root - INFO - Is all required columns present in test df
[ 2023-02-23 11:57:24,387 ] 143 root - INFO - As all column are available in train df hence detecting data drift
[ 2023-02-23 11:57:24,388 ] 88 root - INFO - Hypothesis class: object, object 
[ 2023-02-23 11:57:24,536 ] 88 root - INFO - Hypothesis aa_000: float64, float64 
[ 2023-02-23 11:57:24,546 ] 88 root - INFO - Hypothesis ac_000: float64, float64 
[ 2023-02-23 11:57:24,586 ] 88 root - INFO - Hypothesis ae_000: float64, float64 
[ 2023-02-23 11:57:24,623 ] 88 root - INFO - Hypothesis af_000: float64, float64 
[ 2023-02-23 11:57:24,660 ] 88 root - INFO - Hypothesis ag_000: float64, float64 
[ 2023-02-23 11:57:24,696 ] 88 root - INFO - Hypothesis ag_001: float64, float64 
[ 2023-02-23 11:57:24,733 ] 88 root - INFO - Hypothesis ag_002: float64, float64 
[ 2023-02-23 11:57:24,771 ] 88 root - INFO - Hypothesis ag_003: float64, float64 
[ 2023-02-23 11:57:24,810 ] 88 root - INFO - Hypothesis ag_004: float64, float64 
[ 2023-02-23 11:57:24,820 ] 88 root - INFO - Hypothesis ag_005: float64, float64 
[ 2023-02-23 11:57:24,831 ] 88 root - INFO - Hypothesis ag_006: float64, float64 
[ 2023-02-23 11:57:24,874 ] 88 root - INFO - Hypothesis ag_007: float64, float64 
[ 2023-02-23 11:57:24,883 ] 88 root - INFO - Hypothesis ag_008: float64, float64 
[ 2023-02-23 11:57:24,925 ] 88 root - INFO - Hypothesis ag_009: float64, float64 
[ 2023-02-23 11:57:24,965 ] 88 root - INFO - Hypothesis ah_000: float64, float64 
[ 2023-02-23 11:57:25,011 ] 88 root - INFO - Hypothesis ai_000: float64, float64 
[ 2023-02-23 11:57:25,051 ] 88 root - INFO - Hypothesis aj_000: float64, float64 
[ 2023-02-23 11:57:25,090 ] 88 root - INFO - Hypothesis ak_000: float64, float64 
[ 2023-02-23 11:57:25,128 ] 88 root - INFO - Hypothesis al_000: float64, float64 
[ 2023-02-23 11:57:25,136 ] 88 root - INFO - Hypothesis am_0: float64, float64 
[ 2023-02-23 11:57:25,144 ] 88 root - INFO - Hypothesis an_000: float64, float64 
[ 2023-02-23 11:57:25,188 ] 88 root - INFO - Hypothesis ao_000: float64, float64 
[ 2023-02-23 11:57:25,231 ] 88 root - INFO - Hypothesis ap_000: float64, float64 
[ 2023-02-23 11:57:25,241 ] 88 root - INFO - Hypothesis aq_000: float64, float64 
[ 2023-02-23 11:57:25,285 ] 88 root - INFO - Hypothesis ar_000: float64, float64 
[ 2023-02-23 11:57:25,323 ] 88 root - INFO - Hypothesis as_000: float64, float64 
[ 2023-02-23 11:57:25,359 ] 88 root - INFO - Hypothesis at_000: float64, float64 
[ 2023-02-23 11:57:25,397 ] 88 root - INFO - Hypothesis au_000: float64, float64 
[ 2023-02-23 11:57:25,433 ] 88 root - INFO - Hypothesis av_000: float64, float64 
[ 2023-02-23 11:57:25,475 ] 88 root - INFO - Hypothesis ax_000: float64, float64 
[ 2023-02-23 11:57:25,483 ] 88 root - INFO - Hypothesis ay_000: float64, float64 
[ 2023-02-23 11:57:25,519 ] 88 root - INFO - Hypothesis ay_001: float64, float64 
[ 2023-02-23 11:57:25,556 ] 88 root - INFO - Hypothesis ay_002: float64, float64 
[ 2023-02-23 11:57:25,594 ] 88 root - INFO - Hypothesis ay_003: float64, float64 
[ 2023-02-23 11:57:25,630 ] 88 root - INFO - Hypothesis ay_004: float64, float64 
[ 2023-02-23 11:57:25,667 ] 88 root - INFO - Hypothesis ay_005: float64, float64 
[ 2023-02-23 11:57:25,676 ] 88 root - INFO - Hypothesis ay_006: float64, float64 
[ 2023-02-23 11:57:25,685 ] 88 root - INFO - Hypothesis ay_007: float64, float64 
[ 2023-02-23 11:57:25,727 ] 88 root - INFO - Hypothesis ay_008: float64, float64 
[ 2023-02-23 11:57:25,737 ] 88 root - INFO - Hypothesis ay_009: float64, float64 
[ 2023-02-23 11:57:25,773 ] 88 root - INFO - Hypothesis az_000: float64, float64 
[ 2023-02-23 11:57:25,816 ] 88 root - INFO - Hypothesis az_001: float64, float64 
[ 2023-02-23 11:57:25,859 ] 88 root - INFO - Hypothesis az_002: float64, float64 
[ 2023-02-23 11:57:25,900 ] 88 root - INFO - Hypothesis az_003: float64, float64 
[ 2023-02-23 11:57:25,943 ] 88 root - INFO - Hypothesis az_004: float64, float64 
[ 2023-02-23 11:57:25,987 ] 88 root - INFO - Hypothesis az_005: float64, float64 
[ 2023-02-23 11:57:25,998 ] 88 root - INFO - Hypothesis az_006: float64, float64 
[ 2023-02-23 11:57:26,007 ] 88 root - INFO - Hypothesis az_007: float64, float64 
[ 2023-02-23 11:57:26,013 ] 88 root - INFO - Hypothesis az_008: float64, float64 
[ 2023-02-23 11:57:26,052 ] 88 root - INFO - Hypothesis az_009: float64, float64 
[ 2023-02-23 11:57:26,093 ] 88 root - INFO - Hypothesis ba_000: float64, float64 
[ 2023-02-23 11:57:26,136 ] 88 root - INFO - Hypothesis ba_001: float64, float64 
[ 2023-02-23 11:57:26,147 ] 88 root - INFO - Hypothesis ba_002: float64, float64 
[ 2023-02-23 11:57:26,159 ] 88 root - INFO - Hypothesis ba_003: float64, float64 
[ 2023-02-23 11:57:26,203 ] 88 root - INFO - Hypothesis ba_004: float64, float64 
[ 2023-02-23 11:57:26,247 ] 88 root - INFO - Hypothesis ba_005: float64, float64 
[ 2023-02-23 11:57:26,291 ] 88 root - INFO - Hypothesis ba_006: float64, float64 
[ 2023-02-23 11:57:26,334 ] 88 root - INFO - Hypothesis ba_007: float64, float64 
[ 2023-02-23 11:57:26,376 ] 88 root - INFO - Hypothesis ba_008: float64, float64 
[ 2023-02-23 11:57:26,417 ] 88 root - INFO - Hypothesis ba_009: float64, float64 
[ 2023-02-23 11:57:26,457 ] 88 root - INFO - Hypothesis bb_000: float64, float64 
[ 2023-02-23 11:57:26,500 ] 88 root - INFO - Hypothesis bc_000: float64, float64 
[ 2023-02-23 11:57:26,508 ] 88 root - INFO - Hypothesis bd_000: float64, float64 
[ 2023-02-23 11:57:26,516 ] 88 root - INFO - Hypothesis be_000: float64, float64 
[ 2023-02-23 11:57:26,526 ] 88 root - INFO - Hypothesis bf_000: float64, float64 
[ 2023-02-23 11:57:26,533 ] 88 root - INFO - Hypothesis bg_000: float64, float64 
[ 2023-02-23 11:57:26,577 ] 88 root - INFO - Hypothesis bh_000: float64, float64 
[ 2023-02-23 11:57:26,620 ] 88 root - INFO - Hypothesis bi_000: float64, float64 
[ 2023-02-23 11:57:26,631 ] 88 root - INFO - Hypothesis bj_000: float64, float64 
[ 2023-02-23 11:57:26,675 ] 88 root - INFO - Hypothesis bs_000: float64, float64 
[ 2023-02-23 11:57:26,720 ] 88 root - INFO - Hypothesis bt_000: float64, float64 
[ 2023-02-23 11:57:26,731 ] 88 root - INFO - Hypothesis bu_000: float64, float64 
[ 2023-02-23 11:57:26,781 ] 88 root - INFO - Hypothesis bv_000: float64, float64 
[ 2023-02-23 11:57:26,826 ] 88 root - INFO - Hypothesis bx_000: float64, float64 
[ 2023-02-23 11:57:26,870 ] 88 root - INFO - Hypothesis by_000: float64, float64 
[ 2023-02-23 11:57:26,881 ] 88 root - INFO - Hypothesis bz_000: float64, float64 
[ 2023-02-23 11:57:26,924 ] 88 root - INFO - Hypothesis ca_000: float64, float64 
[ 2023-02-23 11:57:26,969 ] 88 root - INFO - Hypothesis cb_000: float64, float64 
[ 2023-02-23 11:57:27,013 ] 88 root - INFO - Hypothesis cc_000: float64, float64 
[ 2023-02-23 11:57:27,057 ] 88 root - INFO - Hypothesis cd_000: float64, float64 
[ 2023-02-23 11:57:27,062 ] 88 root - INFO - Hypothesis ce_000: float64, float64 
[ 2023-02-23 11:57:27,112 ] 88 root - INFO - Hypothesis ci_000: float64, float64 
[ 2023-02-23 11:57:27,155 ] 88 root - INFO - Hypothesis cj_000: float64, float64 
[ 2023-02-23 11:57:27,194 ] 88 root - INFO - Hypothesis ck_000: float64, float64 
[ 2023-02-23 11:57:27,205 ] 88 root - INFO - Hypothesis cl_000: float64, float64 
[ 2023-02-23 11:57:27,249 ] 88 root - INFO - Hypothesis cm_000: float64, float64 
[ 2023-02-23 11:57:27,289 ] 88 root - INFO - Hypothesis cn_000: float64, float64 
[ 2023-02-23 11:57:27,326 ] 88 root - INFO - Hypothesis cn_001: float64, float64 
[ 2023-02-23 11:57:27,365 ] 88 root - INFO - Hypothesis cn_002: float64, float64 
[ 2023-02-23 11:57:27,373 ] 88 root - INFO - Hypothesis cn_003: float64, float64 
[ 2023-02-23 11:57:27,384 ] 88 root - INFO - Hypothesis cn_004: float64, float64 
[ 2023-02-23 11:57:27,395 ] 88 root - INFO - Hypothesis cn_005: float64, float64 
[ 2023-02-23 11:57:27,445 ] 88 root - INFO - Hypothesis cn_006: float64, float64 
[ 2023-02-23 11:57:27,456 ] 88 root - INFO - Hypothesis cn_007: float64, float64 
[ 2023-02-23 11:57:27,499 ] 88 root - INFO - Hypothesis cn_008: float64, float64 
[ 2023-02-23 11:57:27,508 ] 88 root - INFO - Hypothesis cn_009: float64, float64 
[ 2023-02-23 11:57:27,516 ] 88 root - INFO - Hypothesis cp_000: float64, float64 
[ 2023-02-23 11:57:27,557 ] 88 root - INFO - Hypothesis cq_000: float64, float64 
[ 2023-02-23 11:57:27,601 ] 88 root - INFO - Hypothesis cs_000: float64, float64 
[ 2023-02-23 11:57:27,651 ] 88 root - INFO - Hypothesis cs_001: float64, float64 
[ 2023-02-23 11:57:27,693 ] 88 root - INFO - Hypothesis cs_002: float64, float64 
[ 2023-02-23 11:57:27,737 ] 88 root - INFO - Hypothesis cs_003: float64, float64 
[ 2023-02-23 11:57:27,780 ] 88 root - INFO - Hypothesis cs_004: float64, float64 
[ 2023-02-23 11:57:27,791 ] 88 root - INFO - Hypothesis cs_005: float64, float64 
[ 2023-02-23 11:57:27,836 ] 88 root - INFO - Hypothesis cs_006: float64, float64 
[ 2023-02-23 11:57:27,847 ] 88 root - INFO - Hypothesis cs_007: float64, float64 
[ 2023-02-23 11:57:27,858 ] 88 root - INFO - Hypothesis cs_008: float64, float64 
[ 2023-02-23 11:57:27,899 ] 88 root - INFO - Hypothesis cs_009: float64, float64 
[ 2023-02-23 11:57:27,936 ] 88 root - INFO - Hypothesis dd_000: float64, float64 
[ 2023-02-23 11:57:27,946 ] 88 root - INFO - Hypothesis de_000: float64, float64 
[ 2023-02-23 11:57:27,954 ] 88 root - INFO - Hypothesis df_000: float64, float64 
[ 2023-02-23 11:57:27,993 ] 88 root - INFO - Hypothesis dg_000: float64, float64 
[ 2023-02-23 11:57:28,031 ] 88 root - INFO - Hypothesis dh_000: float64, float64 
[ 2023-02-23 11:57:28,071 ] 88 root - INFO - Hypothesis di_000: float64, float64 
[ 2023-02-23 11:57:28,109 ] 88 root - INFO - Hypothesis dj_000: float64, float64 
[ 2023-02-23 11:57:28,147 ] 88 root - INFO - Hypothesis dk_000: float64, float64 
[ 2023-02-23 11:57:28,184 ] 88 root - INFO - Hypothesis dl_000: float64, float64 
[ 2023-02-23 11:57:28,221 ] 88 root - INFO - Hypothesis dm_000: float64, float64 
[ 2023-02-23 11:57:28,258 ] 88 root - INFO - Hypothesis dn_000: float64, float64 
[ 2023-02-23 11:57:28,268 ] 88 root - INFO - Hypothesis do_000: float64, float64 
[ 2023-02-23 11:57:28,278 ] 88 root - INFO - Hypothesis dp_000: float64, float64 
[ 2023-02-23 11:57:28,287 ] 88 root - INFO - Hypothesis dq_000: float64, float64 
[ 2023-02-23 11:57:28,294 ] 88 root - INFO - Hypothesis dr_000: float64, float64 
[ 2023-02-23 11:57:28,300 ] 88 root - INFO - Hypothesis ds_000: float64, float64 
[ 2023-02-23 11:57:28,310 ] 88 root - INFO - Hypothesis dt_000: float64, float64 
[ 2023-02-23 11:57:28,320 ] 88 root - INFO - Hypothesis du_000: float64, float64 
[ 2023-02-23 11:57:28,330 ] 88 root - INFO - Hypothesis dv_000: float64, float64 
[ 2023-02-23 11:57:28,340 ] 88 root - INFO - Hypothesis dx_000: float64, float64 
[ 2023-02-23 11:57:28,347 ] 88 root - INFO - Hypothesis dy_000: float64, float64 
[ 2023-02-23 11:57:28,387 ] 88 root - INFO - Hypothesis dz_000: float64, float64 
[ 2023-02-23 11:57:28,425 ] 88 root - INFO - Hypothesis ea_000: float64, float64 
[ 2023-02-23 11:57:28,462 ] 88 root - INFO - Hypothesis eb_000: float64, float64 
[ 2023-02-23 11:57:28,471 ] 88 root - INFO - Hypothesis ec_00: float64, float64 
[ 2023-02-23 11:57:28,513 ] 88 root - INFO - Hypothesis ed_000: float64, float64 
[ 2023-02-23 11:57:28,553 ] 88 root - INFO - Hypothesis ee_000: float64, float64 
[ 2023-02-23 11:57:28,595 ] 88 root - INFO - Hypothesis ee_001: float64, float64 
[ 2023-02-23 11:57:28,639 ] 88 root - INFO - Hypothesis ee_002: float64, float64 
[ 2023-02-23 11:57:28,682 ] 88 root - INFO - Hypothesis ee_003: float64, float64 
[ 2023-02-23 11:57:28,726 ] 88 root - INFO - Hypothesis ee_004: float64, float64 
[ 2023-02-23 11:57:28,770 ] 88 root - INFO - Hypothesis ee_005: float64, float64 
[ 2023-02-23 11:57:28,813 ] 88 root - INFO - Hypothesis ee_006: float64, float64 
[ 2023-02-23 11:57:28,823 ] 88 root - INFO - Hypothesis ee_007: float64, float64 
[ 2023-02-23 11:57:28,867 ] 88 root - INFO - Hypothesis ee_008: float64, float64 
[ 2023-02-23 11:57:28,909 ] 88 root - INFO - Hypothesis ee_009: float64, float64 
[ 2023-02-23 11:57:28,917 ] 88 root - INFO - Hypothesis ef_000: float64, float64 
[ 2023-02-23 11:57:28,953 ] 88 root - INFO - Hypothesis eg_000: float64, float64 
[ 2023-02-23 11:57:28,992 ] 146 root - INFO - As all column are available in test df hence detecting data drift
[ 2023-02-23 11:57:28,992 ] 88 root - INFO - Hypothesis class: object, object 
[ 2023-02-23 11:57:29,077 ] 88 root - INFO - Hypothesis aa_000: float64, float64 
[ 2023-02-23 11:57:29,084 ] 88 root - INFO - Hypothesis ac_000: float64, float64 
[ 2023-02-23 11:57:29,090 ] 88 root - INFO - Hypothesis ae_000: float64, float64 
[ 2023-02-23 11:57:29,110 ] 88 root - INFO - Hypothesis af_000: float64, float64 
[ 2023-02-23 11:57:29,127 ] 88 root - INFO - Hypothesis ag_000: float64, float64 
[ 2023-02-23 11:57:29,142 ] 88 root - INFO - Hypothesis ag_001: float64, float64 
[ 2023-02-23 11:57:29,158 ] 88 root - INFO - Hypothesis ag_002: float64, float64 
[ 2023-02-23 11:57:29,174 ] 88 root - INFO - Hypothesis ag_003: float64, float64 
[ 2023-02-23 11:57:29,178 ] 88 root - INFO - Hypothesis ag_004: float64, float64 
[ 2023-02-23 11:57:29,185 ] 88 root - INFO - Hypothesis ag_005: float64, float64 
[ 2023-02-23 11:57:29,192 ] 88 root - INFO - Hypothesis ag_006: float64, float64 
[ 2023-02-23 11:57:29,199 ] 88 root - INFO - Hypothesis ag_007: float64, float64 
[ 2023-02-23 11:57:29,205 ] 88 root - INFO - Hypothesis ag_008: float64, float64 
[ 2023-02-23 11:57:29,211 ] 88 root - INFO - Hypothesis ag_009: float64, float64 
[ 2023-02-23 11:57:29,215 ] 88 root - INFO - Hypothesis ah_000: float64, float64 
[ 2023-02-23 11:57:29,223 ] 88 root - INFO - Hypothesis ai_000: float64, float64 
[ 2023-02-23 11:57:29,226 ] 88 root - INFO - Hypothesis aj_000: float64, float64 
[ 2023-02-23 11:57:29,244 ] 88 root - INFO - Hypothesis ak_000: float64, float64 
[ 2023-02-23 11:57:29,260 ] 88 root - INFO - Hypothesis al_000: float64, float64 
[ 2023-02-23 11:57:29,266 ] 88 root - INFO - Hypothesis am_0: float64, float64 
[ 2023-02-23 11:57:29,271 ] 88 root - INFO - Hypothesis an_000: float64, float64 
[ 2023-02-23 11:57:29,278 ] 88 root - INFO - Hypothesis ao_000: float64, float64 
[ 2023-02-23 11:57:29,286 ] 88 root - INFO - Hypothesis ap_000: float64, float64 
[ 2023-02-23 11:57:29,293 ] 88 root - INFO - Hypothesis aq_000: float64, float64 
[ 2023-02-23 11:57:29,300 ] 88 root - INFO - Hypothesis ar_000: float64, float64 
[ 2023-02-23 11:57:29,318 ] 88 root - INFO - Hypothesis as_000: float64, float64 
[ 2023-02-23 11:57:29,334 ] 88 root - INFO - Hypothesis at_000: float64, float64 
[ 2023-02-23 11:57:29,338 ] 88 root - INFO - Hypothesis au_000: float64, float64 
[ 2023-02-23 11:57:29,353 ] 88 root - INFO - Hypothesis av_000: float64, float64 
[ 2023-02-23 11:57:29,359 ] 88 root - INFO - Hypothesis ax_000: float64, float64 
[ 2023-02-23 11:57:29,365 ] 88 root - INFO - Hypothesis ay_000: float64, float64 
[ 2023-02-23 11:57:29,381 ] 88 root - INFO - Hypothesis ay_001: float64, float64 
[ 2023-02-23 11:57:29,398 ] 88 root - INFO - Hypothesis ay_002: float64, float64 
[ 2023-02-23 11:57:29,415 ] 88 root - INFO - Hypothesis ay_003: float64, float64 
[ 2023-02-23 11:57:29,430 ] 88 root - INFO - Hypothesis ay_004: float64, float64 
[ 2023-02-23 11:57:29,434 ] 88 root - INFO - Hypothesis ay_005: float64, float64 
[ 2023-02-23 11:57:29,439 ] 88 root - INFO - Hypothesis ay_006: float64, float64 
[ 2023-02-23 11:57:29,446 ] 88 root - INFO - Hypothesis ay_007: float64, float64 
[ 2023-02-23 11:57:29,453 ] 88 root - INFO - Hypothesis ay_008: float64, float64 
[ 2023-02-23 11:57:29,460 ] 88 root - INFO - Hypothesis ay_009: float64, float64 
[ 2023-02-23 11:57:29,476 ] 88 root - INFO - Hypothesis az_000: float64, float64 
[ 2023-02-23 11:57:29,483 ] 88 root - INFO - Hypothesis az_001: float64, float64 
[ 2023-02-23 11:57:29,489 ] 88 root - INFO - Hypothesis az_002: float64, float64 
[ 2023-02-23 11:57:29,496 ] 88 root - INFO - Hypothesis az_003: float64, float64 
[ 2023-02-23 11:57:29,503 ] 88 root - INFO - Hypothesis az_004: float64, float64 
[ 2023-02-23 11:57:29,510 ] 88 root - INFO - Hypothesis az_005: float64, float64 
[ 2023-02-23 11:57:29,518 ] 88 root - INFO - Hypothesis az_006: float64, float64 
[ 2023-02-23 11:57:29,524 ] 88 root - INFO - Hypothesis az_007: float64, float64 
[ 2023-02-23 11:57:29,528 ] 88 root - INFO - Hypothesis az_008: float64, float64 
[ 2023-02-23 11:57:29,532 ] 88 root - INFO - Hypothesis az_009: float64, float64 
[ 2023-02-23 11:57:29,547 ] 88 root - INFO - Hypothesis ba_000: float64, float64 
[ 2023-02-23 11:57:29,555 ] 88 root - INFO - Hypothesis ba_001: float64, float64 
[ 2023-02-23 11:57:29,562 ] 88 root - INFO - Hypothesis ba_002: float64, float64 
[ 2023-02-23 11:57:29,569 ] 88 root - INFO - Hypothesis ba_003: float64, float64 
[ 2023-02-23 11:57:29,576 ] 88 root - INFO - Hypothesis ba_004: float64, float64 
[ 2023-02-23 11:57:29,583 ] 88 root - INFO - Hypothesis ba_005: float64, float64 
[ 2023-02-23 11:57:29,590 ] 88 root - INFO - Hypothesis ba_006: float64, float64 
[ 2023-02-23 11:57:29,596 ] 88 root - INFO - Hypothesis ba_007: float64, float64 
[ 2023-02-23 11:57:29,603 ] 88 root - INFO - Hypothesis ba_008: float64, float64 
[ 2023-02-23 11:57:29,608 ] 88 root - INFO - Hypothesis ba_009: float64, float64 
[ 2023-02-23 11:57:29,613 ] 88 root - INFO - Hypothesis bb_000: float64, float64 
[ 2023-02-23 11:57:29,620 ] 88 root - INFO - Hypothesis bc_000: float64, float64 
[ 2023-02-23 11:57:29,626 ] 88 root - INFO - Hypothesis bd_000: float64, float64 
[ 2023-02-23 11:57:29,631 ] 88 root - INFO - Hypothesis be_000: float64, float64 
[ 2023-02-23 11:57:29,637 ] 88 root - INFO - Hypothesis bf_000: float64, float64 
[ 2023-02-23 11:57:29,642 ] 88 root - INFO - Hypothesis bg_000: float64, float64 
[ 2023-02-23 11:57:29,649 ] 88 root - INFO - Hypothesis bh_000: float64, float64 
[ 2023-02-23 11:57:29,656 ] 88 root - INFO - Hypothesis bi_000: float64, float64 
[ 2023-02-23 11:57:29,663 ] 88 root - INFO - Hypothesis bj_000: float64, float64 
[ 2023-02-23 11:57:29,671 ] 88 root - INFO - Hypothesis bs_000: float64, float64 
[ 2023-02-23 11:57:29,678 ] 88 root - INFO - Hypothesis bt_000: float64, float64 
[ 2023-02-23 11:57:29,685 ] 88 root - INFO - Hypothesis bu_000: float64, float64 
[ 2023-02-23 11:57:29,692 ] 88 root - INFO - Hypothesis bv_000: float64, float64 
[ 2023-02-23 11:57:29,699 ] 88 root - INFO - Hypothesis bx_000: float64, float64 
[ 2023-02-23 11:57:29,706 ] 88 root - INFO - Hypothesis by_000: float64, float64 
[ 2023-02-23 11:57:29,713 ] 88 root - INFO - Hypothesis bz_000: float64, float64 
[ 2023-02-23 11:57:29,720 ] 88 root - INFO - Hypothesis ca_000: float64, float64 
[ 2023-02-23 11:57:29,727 ] 88 root - INFO - Hypothesis cb_000: float64, float64 
[ 2023-02-23 11:57:29,735 ] 88 root - INFO - Hypothesis cc_000: float64, float64 
[ 2023-02-23 11:57:29,742 ] 88 root - INFO - Hypothesis cd_000: float64, float64 
[ 2023-02-23 11:57:29,746 ] 88 root - INFO - Hypothesis ce_000: float64, float64 
[ 2023-02-23 11:57:29,752 ] 88 root - INFO - Hypothesis ci_000: float64, float64 
[ 2023-02-23 11:57:29,760 ] 88 root - INFO - Hypothesis cj_000: float64, float64 
[ 2023-02-23 11:57:29,764 ] 88 root - INFO - Hypothesis ck_000: float64, float64 
[ 2023-02-23 11:57:29,771 ] 88 root - INFO - Hypothesis cl_000: float64, float64 
[ 2023-02-23 11:57:29,788 ] 88 root - INFO - Hypothesis cm_000: float64, float64 
[ 2023-02-23 11:57:29,793 ] 88 root - INFO - Hypothesis cn_000: float64, float64 
[ 2023-02-23 11:57:29,809 ] 88 root - INFO - Hypothesis cn_001: float64, float64 
[ 2023-02-23 11:57:29,814 ] 88 root - INFO - Hypothesis cn_002: float64, float64 
[ 2023-02-23 11:57:29,819 ] 88 root - INFO - Hypothesis cn_003: float64, float64 
[ 2023-02-23 11:57:29,826 ] 88 root - INFO - Hypothesis cn_004: float64, float64 
[ 2023-02-23 11:57:29,834 ] 88 root - INFO - Hypothesis cn_005: float64, float64 
[ 2023-02-23 11:57:29,841 ] 88 root - INFO - Hypothesis cn_006: float64, float64 
[ 2023-02-23 11:57:29,847 ] 88 root - INFO - Hypothesis cn_007: float64, float64 
[ 2023-02-23 11:57:29,854 ] 88 root - INFO - Hypothesis cn_008: float64, float64 
[ 2023-02-23 11:57:29,860 ] 88 root - INFO - Hypothesis cn_009: float64, float64 
[ 2023-02-23 11:57:29,865 ] 88 root - INFO - Hypothesis cp_000: float64, float64 
[ 2023-02-23 11:57:29,870 ] 88 root - INFO - Hypothesis cq_000: float64, float64 
[ 2023-02-23 11:57:29,877 ] 88 root - INFO - Hypothesis cs_000: float64, float64 
[ 2023-02-23 11:57:29,884 ] 88 root - INFO - Hypothesis cs_001: float64, float64 
[ 2023-02-23 11:57:29,890 ] 88 root - INFO - Hypothesis cs_002: float64, float64 
[ 2023-02-23 11:57:29,896 ] 88 root - INFO - Hypothesis cs_003: float64, float64 
[ 2023-02-23 11:57:29,903 ] 88 root - INFO - Hypothesis cs_004: float64, float64 
[ 2023-02-23 11:57:29,910 ] 88 root - INFO - Hypothesis cs_005: float64, float64 
[ 2023-02-23 11:57:29,917 ] 88 root - INFO - Hypothesis cs_006: float64, float64 
[ 2023-02-23 11:57:29,924 ] 88 root - INFO - Hypothesis cs_007: float64, float64 
[ 2023-02-23 11:57:29,932 ] 88 root - INFO - Hypothesis cs_008: float64, float64 
[ 2023-02-23 11:57:29,937 ] 88 root - INFO - Hypothesis cs_009: float64, float64 
[ 2023-02-23 11:57:29,952 ] 88 root - INFO - Hypothesis dd_000: float64, float64 
[ 2023-02-23 11:57:29,959 ] 88 root - INFO - Hypothesis de_000: float64, float64 
[ 2023-02-23 11:57:29,965 ] 88 root - INFO - Hypothesis df_000: float64, float64 
[ 2023-02-23 11:57:29,969 ] 88 root - INFO - Hypothesis dg_000: float64, float64 
[ 2023-02-23 11:57:29,973 ] 88 root - INFO - Hypothesis dh_000: float64, float64 
[ 2023-02-23 11:57:29,978 ] 88 root - INFO - Hypothesis di_000: float64, float64 
[ 2023-02-23 11:57:29,983 ] 88 root - INFO - Hypothesis dj_000: float64, float64 
[ 2023-02-23 11:57:29,999 ] 88 root - INFO - Hypothesis dk_000: float64, float64 
[ 2023-02-23 11:57:30,016 ] 88 root - INFO - Hypothesis dl_000: float64, float64 
[ 2023-02-23 11:57:30,033 ] 88 root - INFO - Hypothesis dm_000: float64, float64 
[ 2023-02-23 11:57:30,052 ] 88 root - INFO - Hypothesis dn_000: float64, float64 
[ 2023-02-23 11:57:30,059 ] 88 root - INFO - Hypothesis do_000: float64, float64 
[ 2023-02-23 11:57:30,065 ] 88 root - INFO - Hypothesis dp_000: float64, float64 
[ 2023-02-23 11:57:30,072 ] 88 root - INFO - Hypothesis dq_000: float64, float64 
[ 2023-02-23 11:57:30,076 ] 88 root - INFO - Hypothesis dr_000: float64, float64 
[ 2023-02-23 11:57:30,081 ] 88 root - INFO - Hypothesis ds_000: float64, float64 
[ 2023-02-23 11:57:30,088 ] 88 root - INFO - Hypothesis dt_000: float64, float64 
[ 2023-02-23 11:57:30,095 ] 88 root - INFO - Hypothesis du_000: float64, float64 
[ 2023-02-23 11:57:30,102 ] 88 root - INFO - Hypothesis dv_000: float64, float64 
[ 2023-02-23 11:57:30,109 ] 88 root - INFO - Hypothesis dx_000: float64, float64 
[ 2023-02-23 11:57:30,114 ] 88 root - INFO - Hypothesis dy_000: float64, float64 
[ 2023-02-23 11:57:30,119 ] 88 root - INFO - Hypothesis dz_000: float64, float64 
[ 2023-02-23 11:57:30,135 ] 88 root - INFO - Hypothesis ea_000: float64, float64 
[ 2023-02-23 11:57:30,151 ] 88 root - INFO - Hypothesis eb_000: float64, float64 
[ 2023-02-23 11:57:30,158 ] 88 root - INFO - Hypothesis ec_00: float64, float64 
[ 2023-02-23 11:57:30,164 ] 88 root - INFO - Hypothesis ed_000: float64, float64 
[ 2023-02-23 11:57:30,170 ] 88 root - INFO - Hypothesis ee_000: float64, float64 
[ 2023-02-23 11:57:30,177 ] 88 root - INFO - Hypothesis ee_001: float64, float64 
[ 2023-02-23 11:57:30,185 ] 88 root - INFO - Hypothesis ee_002: float64, float64 
[ 2023-02-23 11:57:30,191 ] 88 root - INFO - Hypothesis ee_003: float64, float64 
[ 2023-02-23 11:57:30,199 ] 88 root - INFO - Hypothesis ee_004: float64, float64 
[ 2023-02-23 11:57:30,206 ] 88 root - INFO - Hypothesis ee_005: float64, float64 
[ 2023-02-23 11:57:30,213 ] 88 root - INFO - Hypothesis ee_006: float64, float64 
[ 2023-02-23 11:57:30,219 ] 88 root - INFO - Hypothesis ee_007: float64, float64 
[ 2023-02-23 11:57:30,226 ] 88 root - INFO - Hypothesis ee_008: float64, float64 
[ 2023-02-23 11:57:30,232 ] 88 root - INFO - Hypothesis ee_009: float64, float64 
[ 2023-02-23 11:57:30,237 ] 88 root - INFO - Hypothesis ef_000: float64, float64 
[ 2023-02-23 11:57:30,253 ] 88 root - INFO - Hypothesis eg_000: float64, float64 
[ 2023-02-23 11:57:30,270 ] 150 root - INFO - Write reprt in yaml file
[ 2023-02-23 11:57:30,460 ] 155 root - INFO - Data validation artifact: DataValidationArtifact(report_file_path='/config/workspace/artifact/02232023__115701/data_validation/report.yaml')
[ 2023-02-23 11:57:30,462 ] 24 root - INFO - >>>>>>>>>>>>>>>>>>>>>>>>>>>>>>>>>>>>>>>> Data Transformation <<<<<<<<<<<<<<<<<<<<<<<<<<<<<<<<<<<<<<<<
[ 2023-02-23 11:57:31,385 ] 75 root - INFO - Before resampling in training set Input: (28950, 170) Target:(28950,)
[ 2023-02-23 11:57:38,292 ] 77 root - INFO - After resampling in training set Input: (56104, 170) Target:(56104,)
[ 2023-02-23 11:57:38,292 ] 79 root - INFO - Before resampling in testing set Input: (7238, 170) Target:(7238,)
[ 2023-02-23 11:57:39,106 ] 81 root - INFO - After resampling in testing set Input: (14094, 170) Target:(14094,)
[ 2023-02-23 11:57:39,216 ] 54 root - INFO - Entered the save_object method of utils
[ 2023-02-23 11:57:39,219 ] 58 root - INFO - Exited the save_object method of utils
[ 2023-02-23 11:57:39,219 ] 54 root - INFO - Entered the save_object method of utils
[ 2023-02-23 11:57:39,220 ] 58 root - INFO - Exited the save_object method of utils
[ 2023-02-23 11:57:39,220 ] 113 root - INFO - Data transformation object DataTransformationArtifact(transform_object_path='/config/workspace/artifact/02232023__115701/data_transformation/transformer/transformer.pkl', transformed_train_path='/config/workspace/artifact/02232023__115701/data_transformation/transformed/train.npz', transformed_test_path='/config/workspace/artifact/02232023__115701/data_transformation/transformed/test.npz', target_encoder_path='/config/workspace/artifact/02232023__115701/data_transformation/target_encoder/target_encoder.pkl')
[ 2023-02-23 11:57:39,221 ] 18 root - INFO - >>>>>>>>>>>>>>>>>>>>>>>>>>>>>>>>>>>>>>>> Model Trainer <<<<<<<<<<<<<<<<<<<<<<<<<<<<<<<<<<<<<<<<
[ 2023-02-23 11:57:39,221 ] 45 root - INFO - Loading train and test array.
[ 2023-02-23 11:57:39,250 ] 49 root - INFO - Splitting input and target feature from both train and test arr.
[ 2023-02-23 11:57:39,251 ] 53 root - INFO - Train the model
[ 2023-02-23 11:57:52,448 ] 56 root - INFO - Calculating f1 train score
[ 2023-02-23 11:57:52,503 ] 60 root - INFO - Calculating f1 test score
[ 2023-02-23 11:57:52,519 ] 64 root - INFO - train score:0.9999821756412314 and tests score 0.9874249785653044
[ 2023-02-23 11:57:52,519 ] 66 root - INFO - Checking if our model is underfitting or not
[ 2023-02-23 11:57:52,519 ] 71 root - INFO - Checking if our model is overfiiting or not
[ 2023-02-23 11:57:52,519 ] 78 root - INFO - Saving mode object
[ 2023-02-23 11:57:52,519 ] 54 root - INFO - Entered the save_object method of utils
[ 2023-02-23 11:57:52,525 ] 58 root - INFO - Exited the save_object method of utils
[ 2023-02-23 11:57:52,525 ] 82 root - INFO - Prepare the artifact
[ 2023-02-23 11:57:52,525 ] 85 root - INFO - Model trainer artifact: ModelTrainerArtifact(model_path='/config/workspace/artifact/02232023__115701/model_trainer/model/model.pkl', f1_train_score=0.9999821756412314, f1_test_score=0.9874249785653044)
[ 2023-02-23 11:57:52,527 ] 19 root - INFO - >>>>>>>>>>>>>>>>>>>>>>>>>>>>>>>>>>>>>>>>  Model Evaluation <<<<<<<<<<<<<<<<<<<<<<<<<<<<<<<<<<<<<<<<
[ 2023-02-23 11:57:52,527 ] 35 root - INFO - if saved model folder has model the we will compare which model is best trained or the model from saved model folder
[ 2023-02-23 11:57:52,527 ] 46 root - INFO - Finding location of transformer model and target encoder
[ 2023-02-23 11:57:52,527 ] 51 root - INFO - Previous trained objects of transformer, model and target encoder
[ 2023-02-23 11:57:52,533 ] 59 root - INFO - Currently trained model objects
[ 2023-02-23 11:57:52,690 ] 77 root - INFO - Accuracy using previous trained model: 0.9615384615384616
[ 2023-02-23 11:57:52,724 ] 86 root - INFO - Accuracy using current trained model: 0.8328912466843502
[ 2023-02-23 11:57:52,724 ] 88 root - INFO - Current trained model is not better than previous model
